#
# A fatal error has been detected by the Java Runtime Environment:
#
#  Internal Error (t:/workspace/open/src/hotspot/share/oops/generateOopMap.cpp:2164), pid=29364, tid=23704
#  fatal error: Illegal class file encountered. Try running with -Xverify:all in method mainfreightRates
#
# JRE version: Java(TM) SE Runtime Environment (11.0+28) (build 11+28)
# Java VM: Java HotSpot(TM) 64-Bit Server VM (11+28, mixed mode, tiered, compressed oops, g1 gc, windows-amd64)
# No core dump will be written. Minidumps are not enabled by default on client versions of Windows
#
# If you would like to submit a bug report, please visit:
#   http://bugreport.java.com/bugreport/crash.jsp
#

---------------  S U M M A R Y ------------

Command Line: -agentlib:jdwp=transport=dt_socket,address=127.0.0.1:64076,suspend=y,server=n -XX:TieredStopAtLevel=1 -Xverify:none -Dspring.output.ansi.enabled=always -Dcom.sun.management.jmxremote -Dspring.jmx.enabled=true -Dspring.liveBeansView.mbeanDomain -Dspring.application.admin.enabled=true -javaagent:C:\Users\Administrator\AppData\Local\JetBrains\IntelliJIdea2020.1\captureAgent\debugger-agent.jar -Dfile.encoding=UTF-8 com.freight.FreightApplication

Host: AMD Ryzen 7 PRO 4750G with Radeon Graphics, 16 cores, 27G,  Windows 10 , 64 bit Build 19041 (10.0.19041.1202)
Time: Mon Nov  1 13:57:41 2021 中国标准时间 elapsed time: 268 seconds (0d 0h 4m 28s)

---------------  T H R E A D  ---------------

Current thread (0x000001d2a2f8b000):  VMThread "VM Thread" [stack: 0x000000b91d700000,0x000000b91d800000] [id=23704]

Stack: [0x000000b91d700000,0x000000b91d800000]
[error occurred during error reporting (printing stack bounds), id 0xc0000005, EXCEPTION_ACCESS_VIOLATION (0xc0000005) at pc=0x000001d280000bad]

Native frames: (J=compiled Java code, j=interpreted, Vv=VM code, C=native code)
V  [jvm.dll+0x63c22a]
V  [jvm.dll+0x7797ef]
V  [jvm.dll+0x77adda]
V  [jvm.dll+0x77b3f5]
V  [jvm.dll+0x77b3ab]
V  [jvm.dll+0x63b926]
V  [jvm.dll+0x63bcf8]
C  [ntdll.dll+0xa20cf]
C  [ntdll.dll+0x51454]
C  [ntdll.dll+0xa0bfe]
C  0x000001d280000bad

VM_Operation (0x000000b91e1ff520): GetOrSetLocal, mode: safepoint, requested by thread 0x000001d2a3aba000


---------------  P R O C E S S  ---------------

Threads class SMR info:
_java_thread_list=0x000001d2a6f7bbc0, length=29, elements={
0x000001d2a2fc1800, 0x000001d2a2fba000, 0x000001d2a3024000, 0x000001d2a3025000,
0x000001d2a3028800, 0x000001d2a302f000, 0x000001d2a317e000, 0x000001d2a3aba000,
0x000001d2a3ac8800, 0x000001d2a3acb800, 0x000001d2a40e4000, 0x000001d2a4554000,
0x000001d2a4957800, 0x000001d2a4b73800, 0x000001d2a4c7f000, 0x000001d2a4a17000,
0x000001d2a7392000, 0x000001d2a738d000, 0x000001d2a738c800, 0x000001d2a738e000,
0x000001d2a738e800, 0x000001d2a7393000, 0x000001d2a738f800, 0x000001d2a7390800,
0x000001d2a7391000, 0x000001d2a3f1d800, 0x000001d2a3f23000, 0x000001d2a3f1e000,
0x000001d2a3f24000
}

Java Threads: ( => current thread )
  0x000001d2a2fc1800 JavaThread "Reference Handler" daemon [_thread_blocked, id=29968, stack(0x000000b91d800000,0x000000b91d900000)]
  0x000001d2a2fba000 JavaThread "Finalizer" daemon [_thread_blocked, id=18780, stack(0x000000b91d900000,0x000000b91da00000)]
  0x000001d2a3024000 JavaThread "Signal Dispatcher" daemon [_thread_blocked, id=27808, stack(0x000000b91da00000,0x000000b91db00000)]
  0x000001d2a3025000 JavaThread "Attach Listener" daemon [_thread_blocked, id=18452, stack(0x000000b91db00000,0x000000b91dc00000)]
  0x000001d2a3028800 JavaThread "C1 CompilerThread0" daemon [_thread_blocked, id=26368, stack(0x000000b91dc00000,0x000000b91dd00000)]
  0x000001d2a302f000 JavaThread "Sweeper thread" daemon [_thread_blocked, id=30536, stack(0x000000b91dd00000,0x000000b91de00000)]
  0x000001d2a317e000 JavaThread "Common-Cleaner" daemon [_thread_blocked, id=20384, stack(0x000000b91de00000,0x000000b91df00000)]
  0x000001d2a3aba000 JavaThread "JDWP Transport Listener: dt_socket" daemon [_thread_blocked, id=25016, stack(0x000000b91e100000,0x000000b91e200000)] _threads_hazard_ptr=0x000001d2a6f7bbc0
  0x000001d2a3ac8800 JavaThread "JDWP Event Helper Thread" daemon [_thread_blocked, id=23448, stack(0x000000b91e200000,0x000000b91e300000)]
  0x000001d2a3acb800 JavaThread "JDWP Command Reader" daemon [_thread_in_native, id=14224, stack(0x000000b91e300000,0x000000b91e400000)]
  0x000001d2a40e4000 JavaThread "Service Thread" daemon [_thread_blocked, id=24380, stack(0x000000b91e400000,0x000000b91e500000)]
  0x000001d2a4554000 JavaThread "RMI TCP Accept-0" daemon [_thread_in_native, id=28180, stack(0x000000b91e500000,0x000000b91e600000)]
  0x000001d2a4957800 JavaThread "RMI Scheduler(0)" daemon [_thread_blocked, id=27824, stack(0x000000b91f300000,0x000000b91f400000)]
  0x000001d2a4b73800 JavaThread "Druid-ConnectionPool-Create-1916095463" daemon [_thread_blocked, id=30592, stack(0x000000b91f700000,0x000000b91f800000)]
  0x000001d2a4c7f000 JavaThread "Druid-ConnectionPool-Destroy-1916095463" daemon [_thread_blocked, id=20672, stack(0x000000b91f800000,0x000000b91f900000)]
  0x000001d2a4a17000 JavaThread "PostgreSQL-JDBC-SharedTimer-1" daemon [_thread_blocked, id=30408, stack(0x000000b91f500000,0x000000b91f600000)]
  0x000001d2a7392000 JavaThread "Druid-ConnectionPool-Create-711769569" daemon [_thread_blocked, id=27924, stack(0x000000b91fb00000,0x000000b91fc00000)]
  0x000001d2a738d000 JavaThread "Druid-ConnectionPool-Destroy-711769569" daemon [_thread_blocked, id=26096, stack(0x000000b91fc00000,0x000000b91fd00000)]
  0x000001d2a738c800 JavaThread "Catalina-utility-1" [_thread_blocked, id=29992, stack(0x000000b91df00000,0x000000b91e000000)]
  0x000001d2a738e000 JavaThread "Catalina-utility-2" [_thread_blocked, id=21344, stack(0x000000b91e000000,0x000000b91e100000)]
  0x000001d2a738e800 JavaThread "container-0" [_thread_blocked, id=26608, stack(0x000000b91fa00000,0x000000b91fb00000)]
  0x000001d2a7393000 JavaThread "lettuce-timer-3-1" daemon [_thread_blocked, id=26344, stack(0x000000b91ff00000,0x000000b920000000)]
  0x000001d2a738f800 JavaThread "File Watcher" daemon [_thread_blocked, id=26136, stack(0x000000b91fd00000,0x000000b91fe00000)]
  0x000001d2a7390800 JavaThread "http-nio-8091-Poller" daemon [_thread_blocked, id=30636, stack(0x000000b920200000,0x000000b920300000)]
  0x000001d2a7391000 JavaThread "http-nio-8091-Acceptor" daemon [_thread_in_native, id=29956, stack(0x000000b920400000,0x000000b920500000)]
  0x000001d2a3f1d800 JavaThread "http-nio-8091-exec-1" daemon [_thread_blocked, id=25004, stack(0x000000b920500000,0x000000b920600000)]
  0x000001d2a3f23000 JavaThread "DestroyJavaVM" [_thread_blocked, id=26272, stack(0x000000b91d100000,0x000000b91d200000)]
  0x000001d2a3f1e000 JavaThread "http-nio-8091-exec-2" daemon [_thread_blocked, id=26976, stack(0x000000b91cf00000,0x000000b91d000000)]
  0x000001d2a3f24000 JavaThread "Keep-Alive-Timer" daemon [_thread_blocked, id=21364, stack(0x000000b91ce00000,0x000000b91cf00000)]

Other Threads:
=>0x000001d2a2f8b000 VMThread "VM Thread" [stack: 0x000000b91d700000,0x000000b91d800000] [id=23704]
  0x000001d2a4557800 WatcherThread [stack: 0x000000b91e600000,0x000000b91e700000] [id=27512]
  0x000001d2f6f2e000 GCTaskThread "GC Thread#0" [stack: 0x000000b91d200000,0x000000b91d300000] [id=25556]
  0x000001d2a45d4800 GCTaskThread "GC Thread#1" [stack: 0x000000b91e700000,0x000000b91e800000] [id=21816]
  0x000001d2a4712000 GCTaskThread "GC Thread#2" [stack: 0x000000b91e800000,0x000000b91e900000] [id=29340]
  0x000001d2a4712800 GCTaskThread "GC Thread#3" [stack: 0x000000b91e900000,0x000000b91ea00000] [id=26000]
  0x000001d2a4713800 GCTaskThread "GC Thread#4" [stack: 0x000000b91ea00000,0x000000b91eb00000] [id=5472]
  0x000001d2a4714000 GCTaskThread "GC Thread#5" [stack: 0x000000b91eb00000,0x000000b91ec00000] [id=16116]
  0x000001d2a4714800 GCTaskThread "GC Thread#6" [stack: 0x000000b91ec00000,0x000000b91ed00000] [id=27396]
  0x000001d2a4715800 GCTaskThread "GC Thread#7" [stack: 0x000000b91ed00000,0x000000b91ee00000] [id=24972]
  0x000001d2a4716000 GCTaskThread "GC Thread#8" [stack: 0x000000b91ee00000,0x000000b91ef00000] [id=22928]
  0x000001d2a4717000 GCTaskThread "GC Thread#9" [stack: 0x000000b91ef00000,0x000000b91f000000] [id=26460]
  0x000001d2a7c9b000 GCTaskThread "GC Thread#10" [stack: 0x000000b920000000,0x000000b920100000] [id=27076]
  0x000001d2a7c8b800 GCTaskThread "GC Thread#11" [stack: 0x000000b920100000,0x000000b920200000] [id=26856]
  0x000001d2f6fc9800 ConcurrentGCThread "G1 Main Marker" [stack: 0x000000b91d300000,0x000000b91d400000] [id=20404]
  0x000001d2f6fcb000 ConcurrentGCThread "G1 Conc#0" [stack: 0x000000b91d400000,0x000000b91d500000] [id=27032]
  0x000001d2a40e8800 ConcurrentGCThread "G1 Conc#1" [stack: 0x000000b91f400000,0x000000b91f500000] [id=26844]
  0x000001d2a4734800 ConcurrentGCThread "G1 Conc#2" [stack: 0x000000b91f600000,0x000000b91f700000] [id=27244]
  0x000001d2a266c800 ConcurrentGCThread "G1 Refine#0" [stack: 0x000000b91d500000,0x000000b91d600000] [id=16248]
  0x000001d2a266e800 ConcurrentGCThread "G1 Young RemSet Sampling" [stack: 0x000000b91d600000,0x000000b91d700000] [id=22848]

Threads with active compile tasks:

VM state:at safepoint (normal execution)

VM Mutex/Monitor currently owned by a thread:  ([mutex/lock_event])
[0x000001d2f6f14db0] Threads_lock - owner thread: 0x000001d2a2f8b000

Heap address: 0x0000000641a00000, size: 7142 MB, Compressed Oops mode: Zero based, Oop shift amount: 3
Narrow klass base: 0x0000000800000000, Narrow klass shift: 0
Compressed class space size: 1073741824 Address: 0x0000000800000000

Heap:
 garbage-first heap   total 458752K, used 175150K [0x0000000641a00000, 0x0000000800000000)
  region size 1024K, 162 young (165888K), 20 survivors (20480K)
 Metaspace       used 69539K, capacity 72210K, committed 72400K, reserved 1112064K
  class space    used 8694K, capacity 9745K, committed 9856K, reserved 1048576K
Heap Regions: E=young(eden), S=young(survivor), O=old, HS=humongous(starts), HC=humongous(continues), CS=collection set, F=free, A=archive, TAMS=top-at-mark-start (previous, next)
|   0|0x0000000641a00000, 0x0000000641b00000, 0x0000000641b00000|100%| O|  |TAMS 0x0000000641b00000, 0x0000000641a00000| Untracked 
|   1|0x0000000641b00000, 0x0000000641c00000, 0x0000000641c00000|100%| O|  |TAMS 0x0000000641c00000, 0x0000000641b00000| Untracked 
|   2|0x0000000641c00000, 0x0000000641d00000, 0x0000000641d00000|100%| O|  |TAMS 0x0000000641d00000, 0x0000000641c00000| Untracked 
|   3|0x0000000641d00000, 0x0000000641e00000, 0x0000000641e00000|100%| O|  |TAMS 0x0000000641e00000, 0x0000000641d00000| Untracked 
|   4|0x0000000641e00000, 0x0000000641f00000, 0x0000000641f00000|100%| O|  |TAMS 0x0000000641f00000, 0x0000000641e00000| Untracked 
|   5|0x0000000641f00000, 0x0000000642000000, 0x0000000642000000|100%| O|  |TAMS 0x0000000642000000, 0x0000000641f00000| Untracked 
|   6|0x0000000642000000, 0x0000000642100000, 0x0000000642100000|100%| O|  |TAMS 0x0000000642100000, 0x0000000642000000| Untracked 
|   7|0x0000000642100000, 0x0000000642200000, 0x0000000642200000|100%| O|  |TAMS 0x0000000642200000, 0x0000000642100000| Untracked 
|   8|0x0000000642200000, 0x0000000642300000, 0x0000000642300000|100%| O|  |TAMS 0x0000000642300000, 0x0000000642200000| Untracked 
|   9|0x0000000642300000, 0x0000000642400000, 0x0000000642400000|100%| O|  |TAMS 0x0000000642400000, 0x0000000642300000| Untracked 
|  10|0x0000000642400000, 0x0000000642500000, 0x0000000642500000|100%| O|  |TAMS 0x0000000642500000, 0x0000000642400000| Untracked 
|  11|0x0000000642500000, 0x000000064250b800, 0x0000000642600000|  4%| O|  |TAMS 0x000000064250b800, 0x0000000642500000| Untracked 
|  12|0x0000000642600000, 0x0000000642600000, 0x0000000642700000|  0%| F|  |TAMS 0x0000000642600000, 0x0000000642600000| Untracked 
|  13|0x0000000642700000, 0x0000000642700000, 0x0000000642800000|  0%| F|  |TAMS 0x0000000642700000, 0x0000000642700000| Untracked 
|  14|0x0000000642800000, 0x0000000642800000, 0x0000000642900000|  0%| F|  |TAMS 0x0000000642800000, 0x0000000642800000| Untracked 
|  15|0x0000000642900000, 0x0000000642900000, 0x0000000642a00000|  0%| F|  |TAMS 0x0000000642900000, 0x0000000642900000| Untracked 
|  16|0x0000000642a00000, 0x0000000642a00000, 0x0000000642b00000|  0%| F|  |TAMS 0x0000000642a00000, 0x0000000642a00000| Untracked 
|  17|0x0000000642b00000, 0x0000000642b00000, 0x0000000642c00000|  0%| F|  |TAMS 0x0000000642b00000, 0x0000000642b00000| Untracked 
|  18|0x0000000642c00000, 0x0000000642c00000, 0x0000000642d00000|  0%| F|  |TAMS 0x0000000642c00000, 0x0000000642c00000| Untracked 
|  19|0x0000000642d00000, 0x0000000642d00000, 0x0000000642e00000|  0%| F|  |TAMS 0x0000000642d00000, 0x0000000642d00000| Untracked 
|  20|0x0000000642e00000, 0x0000000642e00000, 0x0000000642f00000|  0%| F|  |TAMS 0x0000000642e00000, 0x0000000642e00000| Untracked 
|  21|0x0000000642f00000, 0x0000000642f00000, 0x0000000643000000|  0%| F|  |TAMS 0x0000000642f00000, 0x0000000642f00000| Untracked 
|  22|0x0000000643000000, 0x0000000643000000, 0x0000000643100000|  0%| F|  |TAMS 0x0000000643000000, 0x0000000643000000| Untracked 
|  23|0x0000000643100000, 0x0000000643100000, 0x0000000643200000|  0%| F|  |TAMS 0x0000000643100000, 0x0000000643100000| Untracked 
|  24|0x0000000643200000, 0x0000000643200000, 0x0000000643300000|  0%| F|  |TAMS 0x0000000643200000, 0x0000000643200000| Untracked 
|  25|0x0000000643300000, 0x0000000643300000, 0x0000000643400000|  0%| F|  |TAMS 0x0000000643300000, 0x0000000643300000| Untracked 
|  26|0x0000000643400000, 0x0000000643400000, 0x0000000643500000|  0%| F|  |TAMS 0x0000000643400000, 0x0000000643400000| Untracked 
|  27|0x0000000643500000, 0x0000000643500000, 0x0000000643600000|  0%| F|  |TAMS 0x0000000643500000, 0x0000000643500000| Untracked 
|  28|0x0000000643600000, 0x0000000643600000, 0x0000000643700000|  0%| F|  |TAMS 0x0000000643600000, 0x0000000643600000| Untracked 
|  29|0x0000000643700000, 0x0000000643700000, 0x0000000643800000|  0%| F|  |TAMS 0x0000000643700000, 0x0000000643700000| Untracked 
|  30|0x0000000643800000, 0x0000000643800000, 0x0000000643900000|  0%| F|  |TAMS 0x0000000643800000, 0x0000000643800000| Untracked 
|  31|0x0000000643900000, 0x0000000643900000, 0x0000000643a00000|  0%| F|  |TAMS 0x0000000643900000, 0x0000000643900000| Untracked 
|  32|0x0000000643a00000, 0x0000000643a00000, 0x0000000643b00000|  0%| F|  |TAMS 0x0000000643a00000, 0x0000000643a00000| Untracked 
|  33|0x0000000643b00000, 0x0000000643b00000, 0x0000000643c00000|  0%| F|  |TAMS 0x0000000643b00000, 0x0000000643b00000| Untracked 
|  34|0x0000000643c00000, 0x0000000643c00000, 0x0000000643d00000|  0%| F|  |TAMS 0x0000000643c00000, 0x0000000643c00000| Untracked 
|  35|0x0000000643d00000, 0x0000000643d00000, 0x0000000643e00000|  0%| F|  |TAMS 0x0000000643d00000, 0x0000000643d00000| Untracked 
|  36|0x0000000643e00000, 0x0000000643e00000, 0x0000000643f00000|  0%| F|  |TAMS 0x0000000643e00000, 0x0000000643e00000| Untracked 
|  37|0x0000000643f00000, 0x0000000643f00000, 0x0000000644000000|  0%| F|  |TAMS 0x0000000643f00000, 0x0000000643f00000| Untracked 
|  38|0x0000000644000000, 0x0000000644000000, 0x0000000644100000|  0%| F|  |TAMS 0x0000000644000000, 0x0000000644000000| Untracked 
|  39|0x0000000644100000, 0x0000000644100000, 0x0000000644200000|  0%| F|  |TAMS 0x0000000644100000, 0x0000000644100000| Untracked 
|  40|0x0000000644200000, 0x0000000644200000, 0x0000000644300000|  0%| F|  |TAMS 0x0000000644200000, 0x0000000644200000| Untracked 
|  41|0x0000000644300000, 0x0000000644300000, 0x0000000644400000|  0%| F|  |TAMS 0x0000000644300000, 0x0000000644300000| Untracked 
|  42|0x0000000644400000, 0x0000000644400000, 0x0000000644500000|  0%| F|  |TAMS 0x0000000644400000, 0x0000000644400000| Untracked 
|  43|0x0000000644500000, 0x0000000644500000, 0x0000000644600000|  0%| F|  |TAMS 0x0000000644500000, 0x0000000644500000| Untracked 
|  44|0x0000000644600000, 0x0000000644600000, 0x0000000644700000|  0%| F|  |TAMS 0x0000000644600000, 0x0000000644600000| Untracked 
|  45|0x0000000644700000, 0x0000000644700000, 0x0000000644800000|  0%| F|  |TAMS 0x0000000644700000, 0x0000000644700000| Untracked 
|  46|0x0000000644800000, 0x0000000644800000, 0x0000000644900000|  0%| F|  |TAMS 0x0000000644800000, 0x0000000644800000| Untracked 
|  47|0x0000000644900000, 0x0000000644900000, 0x0000000644a00000|  0%| F|  |TAMS 0x0000000644900000, 0x0000000644900000| Untracked 
|  48|0x0000000644a00000, 0x0000000644a00000, 0x0000000644b00000|  0%| F|  |TAMS 0x0000000644a00000, 0x0000000644a00000| Untracked 
|  49|0x0000000644b00000, 0x0000000644b00000, 0x0000000644c00000|  0%| F|  |TAMS 0x0000000644b00000, 0x0000000644b00000| Untracked 
|  50|0x0000000644c00000, 0x0000000644c00000, 0x0000000644d00000|  0%| F|  |TAMS 0x0000000644c00000, 0x0000000644c00000| Untracked 
|  51|0x0000000644d00000, 0x0000000644d00000, 0x0000000644e00000|  0%| F|  |TAMS 0x0000000644d00000, 0x0000000644d00000| Untracked 
|  52|0x0000000644e00000, 0x0000000644e00000, 0x0000000644f00000|  0%| F|  |TAMS 0x0000000644e00000, 0x0000000644e00000| Untracked 
|  53|0x0000000644f00000, 0x0000000644f00000, 0x0000000645000000|  0%| F|  |TAMS 0x0000000644f00000, 0x0000000644f00000| Untracked 
|  54|0x0000000645000000, 0x0000000645000000, 0x0000000645100000|  0%| F|  |TAMS 0x0000000645000000, 0x0000000645000000| Untracked 
|  55|0x0000000645100000, 0x0000000645100000, 0x0000000645200000|  0%| F|  |TAMS 0x0000000645100000, 0x0000000645100000| Untracked 
|  56|0x0000000645200000, 0x0000000645200000, 0x0000000645300000|  0%| F|  |TAMS 0x0000000645200000, 0x0000000645200000| Untracked 
|  57|0x0000000645300000, 0x0000000645300000, 0x0000000645400000|  0%| F|  |TAMS 0x0000000645300000, 0x0000000645300000| Untracked 
|  58|0x0000000645400000, 0x0000000645400000, 0x0000000645500000|  0%| F|  |TAMS 0x0000000645400000, 0x0000000645400000| Untracked 
|  59|0x0000000645500000, 0x0000000645500000, 0x0000000645600000|  0%| F|  |TAMS 0x0000000645500000, 0x0000000645500000| Untracked 
|  60|0x0000000645600000, 0x0000000645600000, 0x0000000645700000|  0%| F|  |TAMS 0x0000000645600000, 0x0000000645600000| Untracked 
|  61|0x0000000645700000, 0x0000000645700000, 0x0000000645800000|  0%| F|  |TAMS 0x0000000645700000, 0x0000000645700000| Untracked 
|  62|0x0000000645800000, 0x0000000645800000, 0x0000000645900000|  0%| F|  |TAMS 0x0000000645800000, 0x0000000645800000| Untracked 
|  63|0x0000000645900000, 0x0000000645900000, 0x0000000645a00000|  0%| F|  |TAMS 0x0000000645900000, 0x0000000645900000| Untracked 
|  64|0x0000000645a00000, 0x0000000645a00000, 0x0000000645b00000|  0%| F|  |TAMS 0x0000000645a00000, 0x0000000645a00000| Untracked 
|  65|0x0000000645b00000, 0x0000000645b00000, 0x0000000645c00000|  0%| F|  |TAMS 0x0000000645b00000, 0x0000000645b00000| Untracked 
|  66|0x0000000645c00000, 0x0000000645c00000, 0x0000000645d00000|  0%| F|  |TAMS 0x0000000645c00000, 0x0000000645c00000| Untracked 
|  67|0x0000000645d00000, 0x0000000645d00000, 0x0000000645e00000|  0%| F|  |TAMS 0x0000000645d00000, 0x0000000645d00000| Untracked 
|  68|0x0000000645e00000, 0x0000000645e00000, 0x0000000645f00000|  0%| F|  |TAMS 0x0000000645e00000, 0x0000000645e00000| Untracked 
|  69|0x0000000645f00000, 0x0000000645f00000, 0x0000000646000000|  0%| F|  |TAMS 0x0000000645f00000, 0x0000000645f00000| Untracked 
|  70|0x0000000646000000, 0x0000000646000000, 0x0000000646100000|  0%| F|  |TAMS 0x0000000646000000, 0x0000000646000000| Untracked 
|  71|0x0000000646100000, 0x0000000646100000, 0x0000000646200000|  0%| F|  |TAMS 0x0000000646100000, 0x0000000646100000| Untracked 
|  72|0x0000000646200000, 0x0000000646200000, 0x0000000646300000|  0%| F|  |TAMS 0x0000000646200000, 0x0000000646200000| Untracked 
|  73|0x0000000646300000, 0x0000000646300000, 0x0000000646400000|  0%| F|  |TAMS 0x0000000646300000, 0x0000000646300000| Untracked 
|  74|0x0000000646400000, 0x0000000646400000, 0x0000000646500000|  0%| F|  |TAMS 0x0000000646400000, 0x0000000646400000| Untracked 
|  75|0x0000000646500000, 0x0000000646500000, 0x0000000646600000|  0%| F|  |TAMS 0x0000000646500000, 0x0000000646500000| Untracked 
|  76|0x0000000646600000, 0x0000000646600000, 0x0000000646700000|  0%| F|  |TAMS 0x0000000646600000, 0x0000000646600000| Untracked 
|  77|0x0000000646700000, 0x0000000646700000, 0x0000000646800000|  0%| F|  |TAMS 0x0000000646700000, 0x0000000646700000| Untracked 
|  78|0x0000000646800000, 0x0000000646800000, 0x0000000646900000|  0%| F|  |TAMS 0x0000000646800000, 0x0000000646800000| Untracked 
|  79|0x0000000646900000, 0x0000000646900000, 0x0000000646a00000|  0%| F|  |TAMS 0x0000000646900000, 0x0000000646900000| Untracked 
|  80|0x0000000646a00000, 0x0000000646a00000, 0x0000000646b00000|  0%| F|  |TAMS 0x0000000646a00000, 0x0000000646a00000| Untracked 
|  81|0x0000000646b00000, 0x0000000646b00000, 0x0000000646c00000|  0%| F|  |TAMS 0x0000000646b00000, 0x0000000646b00000| Untracked 
|  82|0x0000000646c00000, 0x0000000646c00000, 0x0000000646d00000|  0%| F|  |TAMS 0x0000000646c00000, 0x0000000646c00000| Untracked 
|  83|0x0000000646d00000, 0x0000000646d00000, 0x0000000646e00000|  0%| F|  |TAMS 0x0000000646d00000, 0x0000000646d00000| Untracked 
|  84|0x0000000646e00000, 0x0000000646e00000, 0x0000000646f00000|  0%| F|  |TAMS 0x0000000646e00000, 0x0000000646e00000| Untracked 
|  85|0x0000000646f00000, 0x0000000646f00000, 0x0000000647000000|  0%| F|  |TAMS 0x0000000646f00000, 0x0000000646f00000| Untracked 
|  86|0x0000000647000000, 0x0000000647000000, 0x0000000647100000|  0%| F|  |TAMS 0x0000000647000000, 0x0000000647000000| Untracked 
|  87|0x0000000647100000, 0x0000000647100000, 0x0000000647200000|  0%| F|  |TAMS 0x0000000647100000, 0x0000000647100000| Untracked 
|  88|0x0000000647200000, 0x0000000647200000, 0x0000000647300000|  0%| F|  |TAMS 0x0000000647200000, 0x0000000647200000| Untracked 
|  89|0x0000000647300000, 0x0000000647300000, 0x0000000647400000|  0%| F|  |TAMS 0x0000000647300000, 0x0000000647300000| Untracked 
|  90|0x0000000647400000, 0x0000000647400000, 0x0000000647500000|  0%| F|  |TAMS 0x0000000647400000, 0x0000000647400000| Untracked 
|  91|0x0000000647500000, 0x0000000647500000, 0x0000000647600000|  0%| F|  |TAMS 0x0000000647500000, 0x0000000647500000| Untracked 
|  92|0x0000000647600000, 0x0000000647600000, 0x0000000647700000|  0%| F|  |TAMS 0x0000000647600000, 0x0000000647600000| Untracked 
|  93|0x0000000647700000, 0x0000000647700000, 0x0000000647800000|  0%| F|  |TAMS 0x0000000647700000, 0x0000000647700000| Untracked 
|  94|0x0000000647800000, 0x0000000647800000, 0x0000000647900000|  0%| F|  |TAMS 0x0000000647800000, 0x0000000647800000| Untracked 
|  95|0x0000000647900000, 0x0000000647900000, 0x0000000647a00000|  0%| F|  |TAMS 0x0000000647900000, 0x0000000647900000| Untracked 
|  96|0x0000000647a00000, 0x0000000647a00000, 0x0000000647b00000|  0%| F|  |TAMS 0x0000000647a00000, 0x0000000647a00000| Untracked 
|  97|0x0000000647b00000, 0x0000000647b00000, 0x0000000647c00000|  0%| F|  |TAMS 0x0000000647b00000, 0x0000000647b00000| Untracked 
|  98|0x0000000647c00000, 0x0000000647c00000, 0x0000000647d00000|  0%| F|  |TAMS 0x0000000647c00000, 0x0000000647c00000| Untracked 
|  99|0x0000000647d00000, 0x0000000647d00000, 0x0000000647e00000|  0%| F|  |TAMS 0x0000000647d00000, 0x0000000647d00000| Untracked 
| 100|0x0000000647e00000, 0x0000000647e00000, 0x0000000647f00000|  0%| F|  |TAMS 0x0000000647e00000, 0x0000000647e00000| Untracked 
| 101|0x0000000647f00000, 0x0000000647f00000, 0x0000000648000000|  0%| F|  |TAMS 0x0000000647f00000, 0x0000000647f00000| Untracked 
| 102|0x0000000648000000, 0x0000000648000000, 0x0000000648100000|  0%| F|  |TAMS 0x0000000648000000, 0x0000000648000000| Untracked 
| 103|0x0000000648100000, 0x0000000648100000, 0x0000000648200000|  0%| F|  |TAMS 0x0000000648100000, 0x0000000648100000| Untracked 
| 104|0x0000000648200000, 0x0000000648200000, 0x0000000648300000|  0%| F|  |TAMS 0x0000000648200000, 0x0000000648200000| Untracked 
| 105|0x0000000648300000, 0x0000000648300000, 0x0000000648400000|  0%| F|  |TAMS 0x0000000648300000, 0x0000000648300000| Untracked 
| 106|0x0000000648400000, 0x0000000648400000, 0x0000000648500000|  0%| F|  |TAMS 0x0000000648400000, 0x0000000648400000| Untracked 
| 107|0x0000000648500000, 0x0000000648500000, 0x0000000648600000|  0%| F|  |TAMS 0x0000000648500000, 0x0000000648500000| Untracked 
| 108|0x0000000648600000, 0x0000000648600000, 0x0000000648700000|  0%| F|  |TAMS 0x0000000648600000, 0x0000000648600000| Untracked 
| 109|0x0000000648700000, 0x0000000648700000, 0x0000000648800000|  0%| F|  |TAMS 0x0000000648700000, 0x0000000648700000| Untracked 
| 110|0x0000000648800000, 0x0000000648800000, 0x0000000648900000|  0%| F|  |TAMS 0x0000000648800000, 0x0000000648800000| Untracked 
| 111|0x0000000648900000, 0x0000000648900000, 0x0000000648a00000|  0%| F|  |TAMS 0x0000000648900000, 0x0000000648900000| Untracked 
| 112|0x0000000648a00000, 0x0000000648a00000, 0x0000000648b00000|  0%| F|  |TAMS 0x0000000648a00000, 0x0000000648a00000| Untracked 
| 113|0x0000000648b00000, 0x0000000648b00000, 0x0000000648c00000|  0%| F|  |TAMS 0x0000000648b00000, 0x0000000648b00000| Untracked 
| 114|0x0000000648c00000, 0x0000000648c00000, 0x0000000648d00000|  0%| F|  |TAMS 0x0000000648c00000, 0x0000000648c00000| Untracked 
| 115|0x0000000648d00000, 0x0000000648d00000, 0x0000000648e00000|  0%| F|  |TAMS 0x0000000648d00000, 0x0000000648d00000| Untracked 
| 116|0x0000000648e00000, 0x0000000648e00000, 0x0000000648f00000|  0%| F|  |TAMS 0x0000000648e00000, 0x0000000648e00000| Untracked 
| 117|0x0000000648f00000, 0x0000000648f00000, 0x0000000649000000|  0%| F|  |TAMS 0x0000000648f00000, 0x0000000648f00000| Untracked 
| 118|0x0000000649000000, 0x0000000649000000, 0x0000000649100000|  0%| F|  |TAMS 0x0000000649000000, 0x0000000649000000| Untracked 
| 119|0x0000000649100000, 0x0000000649100000, 0x0000000649200000|  0%| F|  |TAMS 0x0000000649100000, 0x0000000649100000| Untracked 
| 120|0x0000000649200000, 0x0000000649200000, 0x0000000649300000|  0%| F|  |TAMS 0x0000000649200000, 0x0000000649200000| Untracked 
| 121|0x0000000649300000, 0x0000000649300000, 0x0000000649400000|  0%| F|  |TAMS 0x0000000649300000, 0x0000000649300000| Untracked 
| 122|0x0000000649400000, 0x0000000649400000, 0x0000000649500000|  0%| F|  |TAMS 0x0000000649400000, 0x0000000649400000| Untracked 
| 123|0x0000000649500000, 0x0000000649500000, 0x0000000649600000|  0%| F|  |TAMS 0x0000000649500000, 0x0000000649500000| Untracked 
| 124|0x0000000649600000, 0x0000000649600000, 0x0000000649700000|  0%| F|  |TAMS 0x0000000649600000, 0x0000000649600000| Untracked 
| 125|0x0000000649700000, 0x0000000649700000, 0x0000000649800000|  0%| F|  |TAMS 0x0000000649700000, 0x0000000649700000| Untracked 
| 126|0x0000000649800000, 0x0000000649800000, 0x0000000649900000|  0%| F|  |TAMS 0x0000000649800000, 0x0000000649800000| Untracked 
| 127|0x0000000649900000, 0x0000000649900000, 0x0000000649a00000|  0%| F|  |TAMS 0x0000000649900000, 0x0000000649900000| Untracked 
| 128|0x0000000649a00000, 0x0000000649a00000, 0x0000000649b00000|  0%| F|  |TAMS 0x0000000649a00000, 0x0000000649a00000| Untracked 
| 129|0x0000000649b00000, 0x0000000649b00000, 0x0000000649c00000|  0%| F|  |TAMS 0x0000000649b00000, 0x0000000649b00000| Untracked 
| 130|0x0000000649c00000, 0x0000000649c00000, 0x0000000649d00000|  0%| F|  |TAMS 0x0000000649c00000, 0x0000000649c00000| Untracked 
| 131|0x0000000649d00000, 0x0000000649d00000, 0x0000000649e00000|  0%| F|  |TAMS 0x0000000649d00000, 0x0000000649d00000| Untracked 
| 132|0x0000000649e00000, 0x0000000649e00000, 0x0000000649f00000|  0%| F|  |TAMS 0x0000000649e00000, 0x0000000649e00000| Untracked 
| 133|0x0000000649f00000, 0x0000000649f00000, 0x000000064a000000|  0%| F|  |TAMS 0x0000000649f00000, 0x0000000649f00000| Untracked 
| 134|0x000000064a000000, 0x000000064a000000, 0x000000064a100000|  0%| F|  |TAMS 0x000000064a000000, 0x000000064a000000| Untracked 
| 135|0x000000064a100000, 0x000000064a100000, 0x000000064a200000|  0%| F|  |TAMS 0x000000064a100000, 0x000000064a100000| Untracked 
| 136|0x000000064a200000, 0x000000064a200000, 0x000000064a300000|  0%| F|  |TAMS 0x000000064a200000, 0x000000064a200000| Untracked 
| 137|0x000000064a300000, 0x000000064a300000, 0x000000064a400000|  0%| F|  |TAMS 0x000000064a300000, 0x000000064a300000| Untracked 
| 138|0x000000064a400000, 0x000000064a400000, 0x000000064a500000|  0%| F|  |TAMS 0x000000064a400000, 0x000000064a400000| Untracked 
| 139|0x000000064a500000, 0x000000064a500000, 0x000000064a600000|  0%| F|  |TAMS 0x000000064a500000, 0x000000064a500000| Untracked 
| 140|0x000000064a600000, 0x000000064a600000, 0x000000064a700000|  0%| F|  |TAMS 0x000000064a600000, 0x000000064a600000| Untracked 
| 141|0x000000064a700000, 0x000000064a700000, 0x000000064a800000|  0%| F|  |TAMS 0x000000064a700000, 0x000000064a700000| Untracked 
| 142|0x000000064a800000, 0x000000064a800000, 0x000000064a900000|  0%| F|  |TAMS 0x000000064a800000, 0x000000064a800000| Untracked 
| 143|0x000000064a900000, 0x000000064a900000, 0x000000064aa00000|  0%| F|  |TAMS 0x000000064a900000, 0x000000064a900000| Untracked 
| 144|0x000000064aa00000, 0x000000064aa00000, 0x000000064ab00000|  0%| F|  |TAMS 0x000000064aa00000, 0x000000064aa00000| Untracked 
| 145|0x000000064ab00000, 0x000000064ab00000, 0x000000064ac00000|  0%| F|  |TAMS 0x000000064ab00000, 0x000000064ab00000| Untracked 
| 146|0x000000064ac00000, 0x000000064ac00000, 0x000000064ad00000|  0%| F|  |TAMS 0x000000064ac00000, 0x000000064ac00000| Untracked 
| 147|0x000000064ad00000, 0x000000064ad00000, 0x000000064ae00000|  0%| F|  |TAMS 0x000000064ad00000, 0x000000064ad00000| Untracked 
| 148|0x000000064ae00000, 0x000000064ae00000, 0x000000064af00000|  0%| F|  |TAMS 0x000000064ae00000, 0x000000064ae00000| Untracked 
| 149|0x000000064af00000, 0x000000064af00000, 0x000000064b000000|  0%| F|  |TAMS 0x000000064af00000, 0x000000064af00000| Untracked 
| 150|0x000000064b000000, 0x000000064b000000, 0x000000064b100000|  0%| F|  |TAMS 0x000000064b000000, 0x000000064b000000| Untracked 
| 151|0x000000064b100000, 0x000000064b100000, 0x000000064b200000|  0%| F|  |TAMS 0x000000064b100000, 0x000000064b100000| Untracked 
| 152|0x000000064b200000, 0x000000064b200000, 0x000000064b300000|  0%| F|  |TAMS 0x000000064b200000, 0x000000064b200000| Untracked 
| 153|0x000000064b300000, 0x000000064b300000, 0x000000064b400000|  0%| F|  |TAMS 0x000000064b300000, 0x000000064b300000| Untracked 
| 154|0x000000064b400000, 0x000000064b400000, 0x000000064b500000|  0%| F|  |TAMS 0x000000064b400000, 0x000000064b400000| Untracked 
| 155|0x000000064b500000, 0x000000064b500000, 0x000000064b600000|  0%| F|  |TAMS 0x000000064b500000, 0x000000064b500000| Untracked 
| 156|0x000000064b600000, 0x000000064b600000, 0x000000064b700000|  0%| F|  |TAMS 0x000000064b600000, 0x000000064b600000| Untracked 
| 157|0x000000064b700000, 0x000000064b700000, 0x000000064b800000|  0%| F|  |TAMS 0x000000064b700000, 0x000000064b700000| Untracked 
| 158|0x000000064b800000, 0x000000064b800000, 0x000000064b900000|  0%| F|  |TAMS 0x000000064b800000, 0x000000064b800000| Untracked 
| 159|0x000000064b900000, 0x000000064b900000, 0x000000064ba00000|  0%| F|  |TAMS 0x000000064b900000, 0x000000064b900000| Untracked 
| 160|0x000000064ba00000, 0x000000064ba00000, 0x000000064bb00000|  0%| F|  |TAMS 0x000000064ba00000, 0x000000064ba00000| Untracked 
| 161|0x000000064bb00000, 0x000000064bb00000, 0x000000064bc00000|  0%| F|  |TAMS 0x000000064bb00000, 0x000000064bb00000| Untracked 
| 162|0x000000064bc00000, 0x000000064bc00000, 0x000000064bd00000|  0%| F|  |TAMS 0x000000064bc00000, 0x000000064bc00000| Untracked 
| 163|0x000000064bd00000, 0x000000064bd00000, 0x000000064be00000|  0%| F|  |TAMS 0x000000064bd00000, 0x000000064bd00000| Untracked 
| 164|0x000000064be00000, 0x000000064be00000, 0x000000064bf00000|  0%| F|  |TAMS 0x000000064be00000, 0x000000064be00000| Untracked 
| 165|0x000000064bf00000, 0x000000064bf00000, 0x000000064c000000|  0%| F|  |TAMS 0x000000064bf00000, 0x000000064bf00000| Untracked 
| 166|0x000000064c000000, 0x000000064c000000, 0x000000064c100000|  0%| F|  |TAMS 0x000000064c000000, 0x000000064c000000| Untracked 
| 167|0x000000064c100000, 0x000000064c100000, 0x000000064c200000|  0%| F|  |TAMS 0x000000064c100000, 0x000000064c100000| Untracked 
| 168|0x000000064c200000, 0x000000064c200000, 0x000000064c300000|  0%| F|  |TAMS 0x000000064c200000, 0x000000064c200000| Untracked 
| 169|0x000000064c300000, 0x000000064c300000, 0x000000064c400000|  0%| F|  |TAMS 0x000000064c300000, 0x000000064c300000| Untracked 
| 170|0x000000064c400000, 0x000000064c400000, 0x000000064c500000|  0%| F|  |TAMS 0x000000064c400000, 0x000000064c400000| Untracked 
| 171|0x000000064c500000, 0x000000064c500000, 0x000000064c600000|  0%| F|  |TAMS 0x000000064c500000, 0x000000064c500000| Untracked 
| 172|0x000000064c600000, 0x000000064c600000, 0x000000064c700000|  0%| F|  |TAMS 0x000000064c600000, 0x000000064c600000| Untracked 
| 173|0x000000064c700000, 0x000000064c700000, 0x000000064c800000|  0%| F|  |TAMS 0x000000064c700000, 0x000000064c700000| Untracked 
| 174|0x000000064c800000, 0x000000064c800000, 0x000000064c900000|  0%| F|  |TAMS 0x000000064c800000, 0x000000064c800000| Untracked 
| 175|0x000000064c900000, 0x000000064c900000, 0x000000064ca00000|  0%| F|  |TAMS 0x000000064c900000, 0x000000064c900000| Untracked 
| 176|0x000000064ca00000, 0x000000064ca00000, 0x000000064cb00000|  0%| F|  |TAMS 0x000000064ca00000, 0x000000064ca00000| Untracked 
| 177|0x000000064cb00000, 0x000000064cb00000, 0x000000064cc00000|  0%| F|  |TAMS 0x000000064cb00000, 0x000000064cb00000| Untracked 
| 178|0x000000064cc00000, 0x000000064cc00000, 0x000000064cd00000|  0%| F|  |TAMS 0x000000064cc00000, 0x000000064cc00000| Untracked 
| 179|0x000000064cd00000, 0x000000064cd00000, 0x000000064ce00000|  0%| F|  |TAMS 0x000000064cd00000, 0x000000064cd00000| Untracked 
| 180|0x000000064ce00000, 0x000000064ce00000, 0x000000064cf00000|  0%| F|  |TAMS 0x000000064ce00000, 0x000000064ce00000| Untracked 
| 181|0x000000064cf00000, 0x000000064cf00000, 0x000000064d000000|  0%| F|  |TAMS 0x000000064cf00000, 0x000000064cf00000| Untracked 
| 182|0x000000064d000000, 0x000000064d000000, 0x000000064d100000|  0%| F|  |TAMS 0x000000064d000000, 0x000000064d000000| Untracked 
| 183|0x000000064d100000, 0x000000064d100000, 0x000000064d200000|  0%| F|  |TAMS 0x000000064d100000, 0x000000064d100000| Untracked 
| 184|0x000000064d200000, 0x000000064d200000, 0x000000064d300000|  0%| F|  |TAMS 0x000000064d200000, 0x000000064d200000| Untracked 
| 185|0x000000064d300000, 0x000000064d300000, 0x000000064d400000|  0%| F|  |TAMS 0x000000064d300000, 0x000000064d300000| Untracked 
| 186|0x000000064d400000, 0x000000064d400000, 0x000000064d500000|  0%| F|  |TAMS 0x000000064d400000, 0x000000064d400000| Untracked 
| 187|0x000000064d500000, 0x000000064d500000, 0x000000064d600000|  0%| F|  |TAMS 0x000000064d500000, 0x000000064d500000| Untracked 
| 188|0x000000064d600000, 0x000000064d600000, 0x000000064d700000|  0%| F|  |TAMS 0x000000064d600000, 0x000000064d600000| Untracked 
| 189|0x000000064d700000, 0x000000064d700000, 0x000000064d800000|  0%| F|  |TAMS 0x000000064d700000, 0x000000064d700000| Untracked 
| 190|0x000000064d800000, 0x000000064d800000, 0x000000064d900000|  0%| F|  |TAMS 0x000000064d800000, 0x000000064d800000| Untracked 
| 191|0x000000064d900000, 0x000000064d900000, 0x000000064da00000|  0%| F|  |TAMS 0x000000064d900000, 0x000000064d900000| Untracked 
| 192|0x000000064da00000, 0x000000064da00000, 0x000000064db00000|  0%| F|  |TAMS 0x000000064da00000, 0x000000064da00000| Untracked 
| 193|0x000000064db00000, 0x000000064db00000, 0x000000064dc00000|  0%| F|  |TAMS 0x000000064db00000, 0x000000064db00000| Untracked 
| 194|0x000000064dc00000, 0x000000064dc00000, 0x000000064dd00000|  0%| F|  |TAMS 0x000000064dc00000, 0x000000064dc00000| Untracked 
| 195|0x000000064dd00000, 0x000000064dd00000, 0x000000064de00000|  0%| F|  |TAMS 0x000000064dd00000, 0x000000064dd00000| Untracked 
| 196|0x000000064de00000, 0x000000064de00000, 0x000000064df00000|  0%| F|  |TAMS 0x000000064de00000, 0x000000064de00000| Untracked 
| 197|0x000000064df00000, 0x000000064df00000, 0x000000064e000000|  0%| F|  |TAMS 0x000000064df00000, 0x000000064df00000| Untracked 
| 198|0x000000064e000000, 0x000000064e000000, 0x000000064e100000|  0%| F|  |TAMS 0x000000064e000000, 0x000000064e000000| Untracked 
| 199|0x000000064e100000, 0x000000064e100000, 0x000000064e200000|  0%| F|  |TAMS 0x000000064e100000, 0x000000064e100000| Untracked 
| 200|0x000000064e200000, 0x000000064e200000, 0x000000064e300000|  0%| F|  |TAMS 0x000000064e200000, 0x000000064e200000| Untracked 
| 201|0x000000064e300000, 0x000000064e300000, 0x000000064e400000|  0%| F|  |TAMS 0x000000064e300000, 0x000000064e300000| Untracked 
| 202|0x000000064e400000, 0x000000064e400000, 0x000000064e500000|  0%| F|  |TAMS 0x000000064e400000, 0x000000064e400000| Untracked 
| 203|0x000000064e500000, 0x000000064e500000, 0x000000064e600000|  0%| F|  |TAMS 0x000000064e500000, 0x000000064e500000| Untracked 
| 204|0x000000064e600000, 0x000000064e600000, 0x000000064e700000|  0%| F|  |TAMS 0x000000064e600000, 0x000000064e600000| Untracked 
| 205|0x000000064e700000, 0x000000064e700000, 0x000000064e800000|  0%| F|  |TAMS 0x000000064e700000, 0x000000064e700000| Untracked 
| 206|0x000000064e800000, 0x000000064e800000, 0x000000064e900000|  0%| F|  |TAMS 0x000000064e800000, 0x000000064e800000| Untracked 
| 207|0x000000064e900000, 0x000000064e900000, 0x000000064ea00000|  0%| F|  |TAMS 0x000000064e900000, 0x000000064e900000| Untracked 
| 208|0x000000064ea00000, 0x000000064ea00000, 0x000000064eb00000|  0%| F|  |TAMS 0x000000064ea00000, 0x000000064ea00000| Untracked 
| 209|0x000000064eb00000, 0x000000064eb00000, 0x000000064ec00000|  0%| F|  |TAMS 0x000000064eb00000, 0x000000064eb00000| Untracked 
| 210|0x000000064ec00000, 0x000000064ec00000, 0x000000064ed00000|  0%| F|  |TAMS 0x000000064ec00000, 0x000000064ec00000| Untracked 
| 211|0x000000064ed00000, 0x000000064ed00000, 0x000000064ee00000|  0%| F|  |TAMS 0x000000064ed00000, 0x000000064ed00000| Untracked 
| 212|0x000000064ee00000, 0x000000064ee00000, 0x000000064ef00000|  0%| F|  |TAMS 0x000000064ee00000, 0x000000064ee00000| Untracked 
| 213|0x000000064ef00000, 0x000000064ef00000, 0x000000064f000000|  0%| F|  |TAMS 0x000000064ef00000, 0x000000064ef00000| Untracked 
| 214|0x000000064f000000, 0x000000064f000000, 0x000000064f100000|  0%| F|  |TAMS 0x000000064f000000, 0x000000064f000000| Untracked 
| 215|0x000000064f100000, 0x000000064f100000, 0x000000064f200000|  0%| F|  |TAMS 0x000000064f100000, 0x000000064f100000| Untracked 
| 216|0x000000064f200000, 0x000000064f200000, 0x000000064f300000|  0%| F|  |TAMS 0x000000064f200000, 0x000000064f200000| Untracked 
| 217|0x000000064f300000, 0x000000064f300000, 0x000000064f400000|  0%| F|  |TAMS 0x000000064f300000, 0x000000064f300000| Untracked 
| 218|0x000000064f400000, 0x000000064f400000, 0x000000064f500000|  0%| F|  |TAMS 0x000000064f400000, 0x000000064f400000| Untracked 
| 219|0x000000064f500000, 0x000000064f500000, 0x000000064f600000|  0%| F|  |TAMS 0x000000064f500000, 0x000000064f500000| Untracked 
| 220|0x000000064f600000, 0x000000064f600000, 0x000000064f700000|  0%| F|  |TAMS 0x000000064f600000, 0x000000064f600000| Untracked 
| 221|0x000000064f700000, 0x000000064f700000, 0x000000064f800000|  0%| F|  |TAMS 0x000000064f700000, 0x000000064f700000| Untracked 
| 222|0x000000064f800000, 0x000000064f800000, 0x000000064f900000|  0%| F|  |TAMS 0x000000064f800000, 0x000000064f800000| Untracked 
| 223|0x000000064f900000, 0x000000064f900000, 0x000000064fa00000|  0%| F|  |TAMS 0x000000064f900000, 0x000000064f900000| Untracked 
| 224|0x000000064fa00000, 0x000000064fa00000, 0x000000064fb00000|  0%| F|  |TAMS 0x000000064fa00000, 0x000000064fa00000| Untracked 
| 225|0x000000064fb00000, 0x000000064fb00000, 0x000000064fc00000|  0%| F|  |TAMS 0x000000064fb00000, 0x000000064fb00000| Untracked 
| 226|0x000000064fc00000, 0x000000064fc00000, 0x000000064fd00000|  0%| F|  |TAMS 0x000000064fc00000, 0x000000064fc00000| Untracked 
| 227|0x000000064fd00000, 0x000000064fd00000, 0x000000064fe00000|  0%| F|  |TAMS 0x000000064fd00000, 0x000000064fd00000| Untracked 
| 228|0x000000064fe00000, 0x000000064fe00000, 0x000000064ff00000|  0%| F|  |TAMS 0x000000064fe00000, 0x000000064fe00000| Untracked 
| 229|0x000000064ff00000, 0x000000064ff00000, 0x0000000650000000|  0%| F|  |TAMS 0x000000064ff00000, 0x000000064ff00000| Untracked 
| 230|0x0000000650000000, 0x0000000650000000, 0x0000000650100000|  0%| F|  |TAMS 0x0000000650000000, 0x0000000650000000| Untracked 
| 231|0x0000000650100000, 0x0000000650100000, 0x0000000650200000|  0%| F|  |TAMS 0x0000000650100000, 0x0000000650100000| Untracked 
| 232|0x0000000650200000, 0x0000000650200000, 0x0000000650300000|  0%| F|  |TAMS 0x0000000650200000, 0x0000000650200000| Untracked 
| 233|0x0000000650300000, 0x0000000650300000, 0x0000000650400000|  0%| F|  |TAMS 0x0000000650300000, 0x0000000650300000| Untracked 
| 234|0x0000000650400000, 0x0000000650400000, 0x0000000650500000|  0%| F|  |TAMS 0x0000000650400000, 0x0000000650400000| Untracked 
| 235|0x0000000650500000, 0x0000000650500000, 0x0000000650600000|  0%| F|  |TAMS 0x0000000650500000, 0x0000000650500000| Untracked 
| 236|0x0000000650600000, 0x0000000650600000, 0x0000000650700000|  0%| F|  |TAMS 0x0000000650600000, 0x0000000650600000| Untracked 
| 237|0x0000000650700000, 0x0000000650700000, 0x0000000650800000|  0%| F|  |TAMS 0x0000000650700000, 0x0000000650700000| Untracked 
| 238|0x0000000650800000, 0x0000000650800000, 0x0000000650900000|  0%| F|  |TAMS 0x0000000650800000, 0x0000000650800000| Untracked 
| 239|0x0000000650900000, 0x0000000650900000, 0x0000000650a00000|  0%| F|  |TAMS 0x0000000650900000, 0x0000000650900000| Untracked 
| 240|0x0000000650a00000, 0x0000000650a00000, 0x0000000650b00000|  0%| F|  |TAMS 0x0000000650a00000, 0x0000000650a00000| Untracked 
| 241|0x0000000650b00000, 0x0000000650b00000, 0x0000000650c00000|  0%| F|  |TAMS 0x0000000650b00000, 0x0000000650b00000| Untracked 
| 242|0x0000000650c00000, 0x0000000650c00000, 0x0000000650d00000|  0%| F|  |TAMS 0x0000000650c00000, 0x0000000650c00000| Untracked 
| 243|0x0000000650d00000, 0x0000000650d00000, 0x0000000650e00000|  0%| F|  |TAMS 0x0000000650d00000, 0x0000000650d00000| Untracked 
| 244|0x0000000650e00000, 0x0000000650e00000, 0x0000000650f00000|  0%| F|  |TAMS 0x0000000650e00000, 0x0000000650e00000| Untracked 
| 245|0x0000000650f00000, 0x0000000650f00000, 0x0000000651000000|  0%| F|  |TAMS 0x0000000650f00000, 0x0000000650f00000| Untracked 
| 246|0x0000000651000000, 0x0000000651000000, 0x0000000651100000|  0%| F|  |TAMS 0x0000000651000000, 0x0000000651000000| Untracked 
| 247|0x0000000651100000, 0x0000000651100000, 0x0000000651200000|  0%| F|  |TAMS 0x0000000651100000, 0x0000000651100000| Untracked 
| 248|0x0000000651200000, 0x0000000651200000, 0x0000000651300000|  0%| F|  |TAMS 0x0000000651200000, 0x0000000651200000| Untracked 
| 249|0x0000000651300000, 0x0000000651300000, 0x0000000651400000|  0%| F|  |TAMS 0x0000000651300000, 0x0000000651300000| Untracked 
| 250|0x0000000651400000, 0x0000000651400000, 0x0000000651500000|  0%| F|  |TAMS 0x0000000651400000, 0x0000000651400000| Untracked 
| 251|0x0000000651500000, 0x0000000651500000, 0x0000000651600000|  0%| F|  |TAMS 0x0000000651500000, 0x0000000651500000| Untracked 
| 252|0x0000000651600000, 0x0000000651600000, 0x0000000651700000|  0%| F|  |TAMS 0x0000000651600000, 0x0000000651600000| Untracked 
| 253|0x0000000651700000, 0x0000000651700000, 0x0000000651800000|  0%| F|  |TAMS 0x0000000651700000, 0x0000000651700000| Untracked 
| 254|0x0000000651800000, 0x0000000651800000, 0x0000000651900000|  0%| F|  |TAMS 0x0000000651800000, 0x0000000651800000| Untracked 
| 255|0x0000000651900000, 0x0000000651900000, 0x0000000651a00000|  0%| F|  |TAMS 0x0000000651900000, 0x0000000651900000| Untracked 
| 256|0x0000000651a00000, 0x0000000651a00000, 0x0000000651b00000|  0%| F|  |TAMS 0x0000000651a00000, 0x0000000651a00000| Untracked 
| 257|0x0000000651b00000, 0x0000000651b00000, 0x0000000651c00000|  0%| F|  |TAMS 0x0000000651b00000, 0x0000000651b00000| Untracked 
| 258|0x0000000651c00000, 0x0000000651c00000, 0x0000000651d00000|  0%| F|  |TAMS 0x0000000651c00000, 0x0000000651c00000| Untracked 
| 259|0x0000000651d00000, 0x0000000651d00000, 0x0000000651e00000|  0%| F|  |TAMS 0x0000000651d00000, 0x0000000651d00000| Untracked 
| 260|0x0000000651e00000, 0x0000000651e00000, 0x0000000651f00000|  0%| F|  |TAMS 0x0000000651e00000, 0x0000000651e00000| Untracked 
| 261|0x0000000651f00000, 0x0000000651f00000, 0x0000000652000000|  0%| F|  |TAMS 0x0000000651f00000, 0x0000000651f00000| Untracked 
| 262|0x0000000652000000, 0x0000000652000000, 0x0000000652100000|  0%| F|  |TAMS 0x0000000652000000, 0x0000000652000000| Untracked 
| 263|0x0000000652100000, 0x0000000652100000, 0x0000000652200000|  0%| F|  |TAMS 0x0000000652100000, 0x0000000652100000| Untracked 
| 264|0x0000000652200000, 0x0000000652200000, 0x0000000652300000|  0%| F|  |TAMS 0x0000000652200000, 0x0000000652200000| Untracked 
| 265|0x0000000652300000, 0x0000000652300000, 0x0000000652400000|  0%| F|  |TAMS 0x0000000652300000, 0x0000000652300000| Untracked 
| 266|0x0000000652400000, 0x0000000652400000, 0x0000000652500000|  0%| F|  |TAMS 0x0000000652400000, 0x0000000652400000| Untracked 
| 267|0x0000000652500000, 0x0000000652500000, 0x0000000652600000|  0%| F|  |TAMS 0x0000000652500000, 0x0000000652500000| Untracked 
| 268|0x0000000652600000, 0x0000000652700000, 0x0000000652700000|100%| S|CS|TAMS 0x0000000652600000, 0x0000000652600000| Complete 
| 269|0x0000000652700000, 0x0000000652800000, 0x0000000652800000|100%| S|CS|TAMS 0x0000000652700000, 0x0000000652700000| Complete 
| 270|0x0000000652800000, 0x0000000652900000, 0x0000000652900000|100%| S|CS|TAMS 0x0000000652800000, 0x0000000652800000| Complete 
| 271|0x0000000652900000, 0x0000000652a00000, 0x0000000652a00000|100%| S|CS|TAMS 0x0000000652900000, 0x0000000652900000| Complete 
| 272|0x0000000652a00000, 0x0000000652b00000, 0x0000000652b00000|100%| S|CS|TAMS 0x0000000652a00000, 0x0000000652a00000| Complete 
| 273|0x0000000652b00000, 0x0000000652c00000, 0x0000000652c00000|100%| S|CS|TAMS 0x0000000652b00000, 0x0000000652b00000| Complete 
| 274|0x0000000652c00000, 0x0000000652d00000, 0x0000000652d00000|100%| S|CS|TAMS 0x0000000652c00000, 0x0000000652c00000| Complete 
| 275|0x0000000652d00000, 0x0000000652e00000, 0x0000000652e00000|100%| S|CS|TAMS 0x0000000652d00000, 0x0000000652d00000| Complete 
| 276|0x0000000652e00000, 0x0000000652f00000, 0x0000000652f00000|100%| S|CS|TAMS 0x0000000652e00000, 0x0000000652e00000| Complete 
| 277|0x0000000652f00000, 0x0000000653000000, 0x0000000653000000|100%| S|CS|TAMS 0x0000000652f00000, 0x0000000652f00000| Complete 
| 278|0x0000000653000000, 0x0000000653100000, 0x0000000653100000|100%| S|CS|TAMS 0x0000000653000000, 0x0000000653000000| Complete 
| 279|0x0000000653100000, 0x0000000653200000, 0x0000000653200000|100%| S|CS|TAMS 0x0000000653100000, 0x0000000653100000| Complete 
| 280|0x0000000653200000, 0x0000000653300000, 0x0000000653300000|100%| S|CS|TAMS 0x0000000653200000, 0x0000000653200000| Complete 
| 281|0x0000000653300000, 0x0000000653400000, 0x0000000653400000|100%| S|CS|TAMS 0x0000000653300000, 0x0000000653300000| Complete 
| 282|0x0000000653400000, 0x0000000653500000, 0x0000000653500000|100%| S|CS|TAMS 0x0000000653400000, 0x0000000653400000| Complete 
| 283|0x0000000653500000, 0x0000000653600000, 0x0000000653600000|100%| S|CS|TAMS 0x0000000653500000, 0x0000000653500000| Complete 
| 284|0x0000000653600000, 0x0000000653700000, 0x0000000653700000|100%| S|CS|TAMS 0x0000000653600000, 0x0000000653600000| Complete 
| 285|0x0000000653700000, 0x0000000653800000, 0x0000000653800000|100%| S|CS|TAMS 0x0000000653700000, 0x0000000653700000| Complete 
| 286|0x0000000653800000, 0x0000000653900000, 0x0000000653900000|100%| S|CS|TAMS 0x0000000653800000, 0x0000000653800000| Complete 
| 287|0x0000000653900000, 0x0000000653a00000, 0x0000000653a00000|100%| S|CS|TAMS 0x0000000653900000, 0x0000000653900000| Complete 
| 288|0x0000000653a00000, 0x0000000653a00000, 0x0000000653b00000|  0%| F|  |TAMS 0x0000000653a00000, 0x0000000653a00000| Untracked 
| 289|0x0000000653b00000, 0x0000000653b00000, 0x0000000653c00000|  0%| F|  |TAMS 0x0000000653b00000, 0x0000000653b00000| Untracked 
| 290|0x0000000653c00000, 0x0000000653c00000, 0x0000000653d00000|  0%| F|  |TAMS 0x0000000653c00000, 0x0000000653c00000| Untracked 
| 291|0x0000000653d00000, 0x0000000653d00000, 0x0000000653e00000|  0%| F|  |TAMS 0x0000000653d00000, 0x0000000653d00000| Untracked 
| 292|0x0000000653e00000, 0x0000000653e00000, 0x0000000653f00000|  0%| F|  |TAMS 0x0000000653e00000, 0x0000000653e00000| Untracked 
| 293|0x0000000653f00000, 0x0000000653f00000, 0x0000000654000000|  0%| F|  |TAMS 0x0000000653f00000, 0x0000000653f00000| Untracked 
| 294|0x0000000654000000, 0x0000000654000000, 0x0000000654100000|  0%| F|  |TAMS 0x0000000654000000, 0x0000000654000000| Untracked 
| 295|0x0000000654100000, 0x0000000654100000, 0x0000000654200000|  0%| F|  |TAMS 0x0000000654100000, 0x0000000654100000| Untracked 
| 296|0x0000000654200000, 0x0000000654200000, 0x0000000654300000|  0%| F|  |TAMS 0x0000000654200000, 0x0000000654200000| Untracked 
| 297|0x0000000654300000, 0x0000000654300000, 0x0000000654400000|  0%| F|  |TAMS 0x0000000654300000, 0x0000000654300000| Untracked 
| 298|0x0000000654400000, 0x0000000654400000, 0x0000000654500000|  0%| F|  |TAMS 0x0000000654400000, 0x0000000654400000| Untracked 
| 299|0x0000000654500000, 0x0000000654500000, 0x0000000654600000|  0%| F|  |TAMS 0x0000000654500000, 0x0000000654500000| Untracked 
| 300|0x0000000654600000, 0x0000000654600000, 0x0000000654700000|  0%| F|  |TAMS 0x0000000654600000, 0x0000000654600000| Untracked 
| 301|0x0000000654700000, 0x0000000654700000, 0x0000000654800000|  0%| F|  |TAMS 0x0000000654700000, 0x0000000654700000| Untracked 
| 302|0x0000000654800000, 0x0000000654800000, 0x0000000654900000|  0%| F|  |TAMS 0x0000000654800000, 0x0000000654800000| Untracked 
| 303|0x0000000654900000, 0x0000000654900000, 0x0000000654a00000|  0%| F|  |TAMS 0x0000000654900000, 0x0000000654900000| Untracked 
| 304|0x0000000654a00000, 0x0000000654a00000, 0x0000000654b00000|  0%| F|  |TAMS 0x0000000654a00000, 0x0000000654a00000| Untracked 
| 305|0x0000000654b00000, 0x0000000654b00000, 0x0000000654c00000|  0%| F|  |TAMS 0x0000000654b00000, 0x0000000654b00000| Untracked 
| 306|0x0000000654c00000, 0x0000000654d00000, 0x0000000654d00000|100%| E|  |TAMS 0x0000000654c00000, 0x0000000654c00000| Complete 
| 307|0x0000000654d00000, 0x0000000654e00000, 0x0000000654e00000|100%| E|CS|TAMS 0x0000000654d00000, 0x0000000654d00000| Complete 
| 308|0x0000000654e00000, 0x0000000654f00000, 0x0000000654f00000|100%| E|CS|TAMS 0x0000000654e00000, 0x0000000654e00000| Complete 
| 309|0x0000000654f00000, 0x0000000655000000, 0x0000000655000000|100%| E|CS|TAMS 0x0000000654f00000, 0x0000000654f00000| Complete 
| 310|0x0000000655000000, 0x0000000655100000, 0x0000000655100000|100%| E|CS|TAMS 0x0000000655000000, 0x0000000655000000| Complete 
| 311|0x0000000655100000, 0x0000000655200000, 0x0000000655200000|100%| E|CS|TAMS 0x0000000655100000, 0x0000000655100000| Complete 
| 312|0x0000000655200000, 0x0000000655300000, 0x0000000655300000|100%| E|CS|TAMS 0x0000000655200000, 0x0000000655200000| Complete 
| 313|0x0000000655300000, 0x0000000655400000, 0x0000000655400000|100%| E|CS|TAMS 0x0000000655300000, 0x0000000655300000| Complete 
| 314|0x0000000655400000, 0x0000000655500000, 0x0000000655500000|100%| E|CS|TAMS 0x0000000655400000, 0x0000000655400000| Complete 
| 315|0x0000000655500000, 0x0000000655600000, 0x0000000655600000|100%| E|CS|TAMS 0x0000000655500000, 0x0000000655500000| Complete 
| 316|0x0000000655600000, 0x0000000655700000, 0x0000000655700000|100%| E|CS|TAMS 0x0000000655600000, 0x0000000655600000| Complete 
| 317|0x0000000655700000, 0x0000000655800000, 0x0000000655800000|100%| E|CS|TAMS 0x0000000655700000, 0x0000000655700000| Complete 
| 318|0x0000000655800000, 0x0000000655900000, 0x0000000655900000|100%| E|CS|TAMS 0x0000000655800000, 0x0000000655800000| Complete 
| 319|0x0000000655900000, 0x0000000655a00000, 0x0000000655a00000|100%| E|CS|TAMS 0x0000000655900000, 0x0000000655900000| Complete 
| 320|0x0000000655a00000, 0x0000000655b00000, 0x0000000655b00000|100%| E|CS|TAMS 0x0000000655a00000, 0x0000000655a00000| Complete 
| 321|0x0000000655b00000, 0x0000000655c00000, 0x0000000655c00000|100%| E|CS|TAMS 0x0000000655b00000, 0x0000000655b00000| Complete 
| 322|0x0000000655c00000, 0x0000000655d00000, 0x0000000655d00000|100%| E|CS|TAMS 0x0000000655c00000, 0x0000000655c00000| Complete 
| 323|0x0000000655d00000, 0x0000000655e00000, 0x0000000655e00000|100%| E|CS|TAMS 0x0000000655d00000, 0x0000000655d00000| Complete 
| 324|0x0000000655e00000, 0x0000000655f00000, 0x0000000655f00000|100%| E|CS|TAMS 0x0000000655e00000, 0x0000000655e00000| Complete 
| 325|0x0000000655f00000, 0x0000000656000000, 0x0000000656000000|100%| E|CS|TAMS 0x0000000655f00000, 0x0000000655f00000| Complete 
| 326|0x0000000656000000, 0x0000000656100000, 0x0000000656100000|100%| E|CS|TAMS 0x0000000656000000, 0x0000000656000000| Complete 
| 327|0x0000000656100000, 0x0000000656200000, 0x0000000656200000|100%| E|  |TAMS 0x0000000656100000, 0x0000000656100000| Complete 
| 328|0x0000000656200000, 0x0000000656300000, 0x0000000656300000|100%| E|CS|TAMS 0x0000000656200000, 0x0000000656200000| Complete 
| 329|0x0000000656300000, 0x0000000656400000, 0x0000000656400000|100%| E|CS|TAMS 0x0000000656300000, 0x0000000656300000| Complete 
| 330|0x0000000656400000, 0x0000000656500000, 0x0000000656500000|100%| E|CS|TAMS 0x0000000656400000, 0x0000000656400000| Complete 
| 331|0x0000000656500000, 0x0000000656600000, 0x0000000656600000|100%| E|CS|TAMS 0x0000000656500000, 0x0000000656500000| Complete 
| 332|0x0000000656600000, 0x0000000656700000, 0x0000000656700000|100%| E|CS|TAMS 0x0000000656600000, 0x0000000656600000| Complete 
| 333|0x0000000656700000, 0x0000000656800000, 0x0000000656800000|100%| E|CS|TAMS 0x0000000656700000, 0x0000000656700000| Complete 
| 334|0x0000000656800000, 0x0000000656900000, 0x0000000656900000|100%| E|CS|TAMS 0x0000000656800000, 0x0000000656800000| Complete 
| 335|0x0000000656900000, 0x0000000656a00000, 0x0000000656a00000|100%| E|CS|TAMS 0x0000000656900000, 0x0000000656900000| Complete 
| 336|0x0000000656a00000, 0x0000000656b00000, 0x0000000656b00000|100%| E|CS|TAMS 0x0000000656a00000, 0x0000000656a00000| Complete 
| 337|0x0000000656b00000, 0x0000000656c00000, 0x0000000656c00000|100%| E|CS|TAMS 0x0000000656b00000, 0x0000000656b00000| Complete 
| 338|0x0000000656c00000, 0x0000000656d00000, 0x0000000656d00000|100%| E|CS|TAMS 0x0000000656c00000, 0x0000000656c00000| Complete 
| 339|0x0000000656d00000, 0x0000000656e00000, 0x0000000656e00000|100%| E|CS|TAMS 0x0000000656d00000, 0x0000000656d00000| Complete 
| 340|0x0000000656e00000, 0x0000000656f00000, 0x0000000656f00000|100%| E|CS|TAMS 0x0000000656e00000, 0x0000000656e00000| Complete 
| 341|0x0000000656f00000, 0x0000000657000000, 0x0000000657000000|100%| E|CS|TAMS 0x0000000656f00000, 0x0000000656f00000| Complete 
| 342|0x0000000657000000, 0x0000000657100000, 0x0000000657100000|100%| E|CS|TAMS 0x0000000657000000, 0x0000000657000000| Complete 
| 343|0x0000000657100000, 0x0000000657200000, 0x0000000657200000|100%| E|CS|TAMS 0x0000000657100000, 0x0000000657100000| Complete 
| 344|0x0000000657200000, 0x0000000657300000, 0x0000000657300000|100%| E|CS|TAMS 0x0000000657200000, 0x0000000657200000| Complete 
| 345|0x0000000657300000, 0x0000000657400000, 0x0000000657400000|100%| E|CS|TAMS 0x0000000657300000, 0x0000000657300000| Complete 
| 346|0x0000000657400000, 0x0000000657500000, 0x0000000657500000|100%| E|CS|TAMS 0x0000000657400000, 0x0000000657400000| Complete 
| 347|0x0000000657500000, 0x0000000657600000, 0x0000000657600000|100%| E|CS|TAMS 0x0000000657500000, 0x0000000657500000| Complete 
| 348|0x0000000657600000, 0x0000000657700000, 0x0000000657700000|100%| E|CS|TAMS 0x0000000657600000, 0x0000000657600000| Complete 
| 349|0x0000000657700000, 0x0000000657800000, 0x0000000657800000|100%| E|CS|TAMS 0x0000000657700000, 0x0000000657700000| Complete 
| 350|0x0000000657800000, 0x0000000657900000, 0x0000000657900000|100%| E|CS|TAMS 0x0000000657800000, 0x0000000657800000| Complete 
| 351|0x0000000657900000, 0x0000000657a00000, 0x0000000657a00000|100%| E|CS|TAMS 0x0000000657900000, 0x0000000657900000| Complete 
| 352|0x0000000657a00000, 0x0000000657b00000, 0x0000000657b00000|100%| E|CS|TAMS 0x0000000657a00000, 0x0000000657a00000| Complete 
| 353|0x0000000657b00000, 0x0000000657c00000, 0x0000000657c00000|100%| E|CS|TAMS 0x0000000657b00000, 0x0000000657b00000| Complete 
| 354|0x0000000657c00000, 0x0000000657d00000, 0x0000000657d00000|100%| E|CS|TAMS 0x0000000657c00000, 0x0000000657c00000| Complete 
| 355|0x0000000657d00000, 0x0000000657e00000, 0x0000000657e00000|100%| E|CS|TAMS 0x0000000657d00000, 0x0000000657d00000| Complete 
| 356|0x0000000657e00000, 0x0000000657f00000, 0x0000000657f00000|100%| E|CS|TAMS 0x0000000657e00000, 0x0000000657e00000| Complete 
| 357|0x0000000657f00000, 0x0000000658000000, 0x0000000658000000|100%| E|CS|TAMS 0x0000000657f00000, 0x0000000657f00000| Complete 
| 358|0x0000000658000000, 0x0000000658100000, 0x0000000658100000|100%| E|CS|TAMS 0x0000000658000000, 0x0000000658000000| Complete 
| 359|0x0000000658100000, 0x0000000658200000, 0x0000000658200000|100%| E|CS|TAMS 0x0000000658100000, 0x0000000658100000| Complete 
| 360|0x0000000658200000, 0x0000000658300000, 0x0000000658300000|100%| E|CS|TAMS 0x0000000658200000, 0x0000000658200000| Complete 
| 361|0x0000000658300000, 0x0000000658400000, 0x0000000658400000|100%| E|CS|TAMS 0x0000000658300000, 0x0000000658300000| Complete 
| 362|0x0000000658400000, 0x0000000658500000, 0x0000000658500000|100%| E|CS|TAMS 0x0000000658400000, 0x0000000658400000| Complete 
| 363|0x0000000658500000, 0x0000000658600000, 0x0000000658600000|100%| E|CS|TAMS 0x0000000658500000, 0x0000000658500000| Complete 
| 364|0x0000000658600000, 0x0000000658700000, 0x0000000658700000|100%| E|CS|TAMS 0x0000000658600000, 0x0000000658600000| Complete 
| 365|0x0000000658700000, 0x0000000658800000, 0x0000000658800000|100%| E|CS|TAMS 0x0000000658700000, 0x0000000658700000| Complete 
| 366|0x0000000658800000, 0x0000000658900000, 0x0000000658900000|100%| E|CS|TAMS 0x0000000658800000, 0x0000000658800000| Complete 
| 367|0x0000000658900000, 0x0000000658a00000, 0x0000000658a00000|100%| E|CS|TAMS 0x0000000658900000, 0x0000000658900000| Complete 
| 368|0x0000000658a00000, 0x0000000658b00000, 0x0000000658b00000|100%| E|CS|TAMS 0x0000000658a00000, 0x0000000658a00000| Complete 
| 369|0x0000000658b00000, 0x0000000658c00000, 0x0000000658c00000|100%| E|CS|TAMS 0x0000000658b00000, 0x0000000658b00000| Complete 
| 370|0x0000000658c00000, 0x0000000658d00000, 0x0000000658d00000|100%| E|CS|TAMS 0x0000000658c00000, 0x0000000658c00000| Complete 
| 371|0x0000000658d00000, 0x0000000658e00000, 0x0000000658e00000|100%| E|CS|TAMS 0x0000000658d00000, 0x0000000658d00000| Complete 
| 372|0x0000000658e00000, 0x0000000658f00000, 0x0000000658f00000|100%| E|CS|TAMS 0x0000000658e00000, 0x0000000658e00000| Complete 
| 373|0x0000000658f00000, 0x0000000659000000, 0x0000000659000000|100%| E|CS|TAMS 0x0000000658f00000, 0x0000000658f00000| Complete 
| 374|0x0000000659000000, 0x0000000659100000, 0x0000000659100000|100%| E|CS|TAMS 0x0000000659000000, 0x0000000659000000| Complete 
| 375|0x0000000659100000, 0x0000000659200000, 0x0000000659200000|100%| E|CS|TAMS 0x0000000659100000, 0x0000000659100000| Complete 
| 376|0x0000000659200000, 0x0000000659300000, 0x0000000659300000|100%| E|CS|TAMS 0x0000000659200000, 0x0000000659200000| Complete 
| 377|0x0000000659300000, 0x0000000659400000, 0x0000000659400000|100%| E|CS|TAMS 0x0000000659300000, 0x0000000659300000| Complete 
| 378|0x0000000659400000, 0x0000000659500000, 0x0000000659500000|100%| E|CS|TAMS 0x0000000659400000, 0x0000000659400000| Complete 
| 379|0x0000000659500000, 0x0000000659600000, 0x0000000659600000|100%| E|CS|TAMS 0x0000000659500000, 0x0000000659500000| Complete 
| 380|0x0000000659600000, 0x0000000659700000, 0x0000000659700000|100%| E|CS|TAMS 0x0000000659600000, 0x0000000659600000| Complete 
| 381|0x0000000659700000, 0x0000000659800000, 0x0000000659800000|100%| E|CS|TAMS 0x0000000659700000, 0x0000000659700000| Complete 
| 382|0x0000000659800000, 0x0000000659900000, 0x0000000659900000|100%| E|CS|TAMS 0x0000000659800000, 0x0000000659800000| Complete 
| 383|0x0000000659900000, 0x0000000659a00000, 0x0000000659a00000|100%| E|CS|TAMS 0x0000000659900000, 0x0000000659900000| Complete 
| 384|0x0000000659a00000, 0x0000000659b00000, 0x0000000659b00000|100%| E|CS|TAMS 0x0000000659a00000, 0x0000000659a00000| Complete 
| 385|0x0000000659b00000, 0x0000000659c00000, 0x0000000659c00000|100%| E|CS|TAMS 0x0000000659b00000, 0x0000000659b00000| Complete 
| 386|0x0000000659c00000, 0x0000000659d00000, 0x0000000659d00000|100%| E|CS|TAMS 0x0000000659c00000, 0x0000000659c00000| Complete 
| 387|0x0000000659d00000, 0x0000000659e00000, 0x0000000659e00000|100%| E|CS|TAMS 0x0000000659d00000, 0x0000000659d00000| Complete 
| 388|0x0000000659e00000, 0x0000000659f00000, 0x0000000659f00000|100%| E|CS|TAMS 0x0000000659e00000, 0x0000000659e00000| Complete 
| 389|0x0000000659f00000, 0x000000065a000000, 0x000000065a000000|100%| E|CS|TAMS 0x0000000659f00000, 0x0000000659f00000| Complete 
| 390|0x000000065a000000, 0x000000065a100000, 0x000000065a100000|100%| E|CS|TAMS 0x000000065a000000, 0x000000065a000000| Complete 
| 391|0x000000065a100000, 0x000000065a200000, 0x000000065a200000|100%| E|CS|TAMS 0x000000065a100000, 0x000000065a100000| Complete 
| 392|0x000000065a200000, 0x000000065a300000, 0x000000065a300000|100%| E|CS|TAMS 0x000000065a200000, 0x000000065a200000| Complete 
| 393|0x000000065a300000, 0x000000065a400000, 0x000000065a400000|100%| E|CS|TAMS 0x000000065a300000, 0x000000065a300000| Complete 
| 394|0x000000065a400000, 0x000000065a500000, 0x000000065a500000|100%| E|CS|TAMS 0x000000065a400000, 0x000000065a400000| Complete 
| 395|0x000000065a500000, 0x000000065a600000, 0x000000065a600000|100%| E|CS|TAMS 0x000000065a500000, 0x000000065a500000| Complete 
| 396|0x000000065a600000, 0x000000065a700000, 0x000000065a700000|100%| E|CS|TAMS 0x000000065a600000, 0x000000065a600000| Complete 
| 397|0x000000065a700000, 0x000000065a800000, 0x000000065a800000|100%| E|CS|TAMS 0x000000065a700000, 0x000000065a700000| Complete 
| 398|0x000000065a800000, 0x000000065a900000, 0x000000065a900000|100%| E|CS|TAMS 0x000000065a800000, 0x000000065a800000| Complete 
| 399|0x000000065a900000, 0x000000065aa00000, 0x000000065aa00000|100%| E|CS|TAMS 0x000000065a900000, 0x000000065a900000| Complete 
| 400|0x000000065aa00000, 0x000000065ab00000, 0x000000065ab00000|100%| E|CS|TAMS 0x000000065aa00000, 0x000000065aa00000| Complete 
| 401|0x000000065ab00000, 0x000000065ac00000, 0x000000065ac00000|100%| E|CS|TAMS 0x000000065ab00000, 0x000000065ab00000| Complete 
| 402|0x000000065ac00000, 0x000000065ad00000, 0x000000065ad00000|100%| E|CS|TAMS 0x000000065ac00000, 0x000000065ac00000| Complete 
| 403|0x000000065ad00000, 0x000000065ae00000, 0x000000065ae00000|100%| E|CS|TAMS 0x000000065ad00000, 0x000000065ad00000| Complete 
| 404|0x000000065ae00000, 0x000000065af00000, 0x000000065af00000|100%| E|CS|TAMS 0x000000065ae00000, 0x000000065ae00000| Complete 
| 405|0x000000065af00000, 0x000000065b000000, 0x000000065b000000|100%| E|CS|TAMS 0x000000065af00000, 0x000000065af00000| Complete 
| 406|0x000000065b000000, 0x000000065b100000, 0x000000065b100000|100%| E|CS|TAMS 0x000000065b000000, 0x000000065b000000| Complete 
| 407|0x000000065b100000, 0x000000065b200000, 0x000000065b200000|100%| E|CS|TAMS 0x000000065b100000, 0x000000065b100000| Complete 
| 408|0x000000065b200000, 0x000000065b300000, 0x000000065b300000|100%| E|CS|TAMS 0x000000065b200000, 0x000000065b200000| Complete 
| 409|0x000000065b300000, 0x000000065b400000, 0x000000065b400000|100%| E|CS|TAMS 0x000000065b300000, 0x000000065b300000| Complete 
| 410|0x000000065b400000, 0x000000065b500000, 0x000000065b500000|100%| E|CS|TAMS 0x000000065b400000, 0x000000065b400000| Complete 
| 411|0x000000065b500000, 0x000000065b600000, 0x000000065b600000|100%| E|CS|TAMS 0x000000065b500000, 0x000000065b500000| Complete 
| 412|0x000000065b600000, 0x000000065b700000, 0x000000065b700000|100%| E|CS|TAMS 0x000000065b600000, 0x000000065b600000| Complete 
| 413|0x000000065b700000, 0x000000065b800000, 0x000000065b800000|100%| E|CS|TAMS 0x000000065b700000, 0x000000065b700000| Complete 
| 414|0x000000065b800000, 0x000000065b900000, 0x000000065b900000|100%| E|CS|TAMS 0x000000065b800000, 0x000000065b800000| Complete 
| 415|0x000000065b900000, 0x000000065ba00000, 0x000000065ba00000|100%| E|CS|TAMS 0x000000065b900000, 0x000000065b900000| Complete 
| 416|0x000000065ba00000, 0x000000065bb00000, 0x000000065bb00000|100%| E|CS|TAMS 0x000000065ba00000, 0x000000065ba00000| Complete 
| 417|0x000000065bb00000, 0x000000065bc00000, 0x000000065bc00000|100%| E|CS|TAMS 0x000000065bb00000, 0x000000065bb00000| Complete 
| 418|0x000000065bc00000, 0x000000065bd00000, 0x000000065bd00000|100%| E|CS|TAMS 0x000000065bc00000, 0x000000065bc00000| Complete 
| 419|0x000000065bd00000, 0x000000065be00000, 0x000000065be00000|100%| E|CS|TAMS 0x000000065bd00000, 0x000000065bd00000| Complete 
| 420|0x000000065be00000, 0x000000065bf00000, 0x000000065bf00000|100%| E|CS|TAMS 0x000000065be00000, 0x000000065be00000| Complete 
| 421|0x000000065bf00000, 0x000000065c000000, 0x000000065c000000|100%| E|CS|TAMS 0x000000065bf00000, 0x000000065bf00000| Complete 
| 422|0x000000065c000000, 0x000000065c100000, 0x000000065c100000|100%| E|CS|TAMS 0x000000065c000000, 0x000000065c000000| Complete 
| 423|0x000000065c100000, 0x000000065c200000, 0x000000065c200000|100%| E|CS|TAMS 0x000000065c100000, 0x000000065c100000| Complete 
| 424|0x000000065c200000, 0x000000065c300000, 0x000000065c300000|100%| E|CS|TAMS 0x000000065c200000, 0x000000065c200000| Complete 
| 425|0x000000065c300000, 0x000000065c400000, 0x000000065c400000|100%| E|CS|TAMS 0x000000065c300000, 0x000000065c300000| Complete 
| 426|0x000000065c400000, 0x000000065c500000, 0x000000065c500000|100%| E|CS|TAMS 0x000000065c400000, 0x000000065c400000| Complete 
| 427|0x000000065c500000, 0x000000065c600000, 0x000000065c600000|100%| E|CS|TAMS 0x000000065c500000, 0x000000065c500000| Complete 
| 428|0x000000065c600000, 0x000000065c700000, 0x000000065c700000|100%| E|CS|TAMS 0x000000065c600000, 0x000000065c600000| Complete 
| 429|0x000000065c700000, 0x000000065c800000, 0x000000065c800000|100%| E|CS|TAMS 0x000000065c700000, 0x000000065c700000| Complete 
| 430|0x000000065c800000, 0x000000065c900000, 0x000000065c900000|100%| E|CS|TAMS 0x000000065c800000, 0x000000065c800000| Complete 
| 431|0x000000065c900000, 0x000000065ca00000, 0x000000065ca00000|100%| E|CS|TAMS 0x000000065c900000, 0x000000065c900000| Complete 
| 432|0x000000065ca00000, 0x000000065cb00000, 0x000000065cb00000|100%| E|CS|TAMS 0x000000065ca00000, 0x000000065ca00000| Complete 
| 433|0x000000065cb00000, 0x000000065cc00000, 0x000000065cc00000|100%| E|CS|TAMS 0x000000065cb00000, 0x000000065cb00000| Complete 
| 434|0x000000065cc00000, 0x000000065cd00000, 0x000000065cd00000|100%| E|CS|TAMS 0x000000065cc00000, 0x000000065cc00000| Complete 
| 435|0x000000065cd00000, 0x000000065ce00000, 0x000000065ce00000|100%| E|CS|TAMS 0x000000065cd00000, 0x000000065cd00000| Complete 
| 436|0x000000065ce00000, 0x000000065cf00000, 0x000000065cf00000|100%| E|CS|TAMS 0x000000065ce00000, 0x000000065ce00000| Complete 
| 437|0x000000065cf00000, 0x000000065d000000, 0x000000065d000000|100%| E|CS|TAMS 0x000000065cf00000, 0x000000065cf00000| Complete 
| 438|0x000000065d000000, 0x000000065d100000, 0x000000065d100000|100%| E|CS|TAMS 0x000000065d000000, 0x000000065d000000| Complete 
| 439|0x000000065d100000, 0x000000065d200000, 0x000000065d200000|100%| E|CS|TAMS 0x000000065d100000, 0x000000065d100000| Complete 
| 440|0x000000065d200000, 0x000000065d300000, 0x000000065d300000|100%| E|CS|TAMS 0x000000065d200000, 0x000000065d200000| Complete 
| 441|0x000000065d300000, 0x000000065d400000, 0x000000065d400000|100%| E|CS|TAMS 0x000000065d300000, 0x000000065d300000| Complete 
| 442|0x000000065d400000, 0x000000065d500000, 0x000000065d500000|100%| E|CS|TAMS 0x000000065d400000, 0x000000065d400000| Complete 
| 443|0x000000065d500000, 0x000000065d600000, 0x000000065d600000|100%| E|CS|TAMS 0x000000065d500000, 0x000000065d500000| Complete 
| 444|0x000000065d600000, 0x000000065d700000, 0x000000065d700000|100%| E|CS|TAMS 0x000000065d600000, 0x000000065d600000| Complete 
| 445|0x000000065d700000, 0x000000065d800000, 0x000000065d800000|100%| E|CS|TAMS 0x000000065d700000, 0x000000065d700000| Complete 
| 446|0x000000065d800000, 0x000000065d900000, 0x000000065d900000|100%| E|CS|TAMS 0x000000065d800000, 0x000000065d800000| Complete 
| 447|0x000000065d900000, 0x000000065da00000, 0x000000065da00000|100%| E|CS|TAMS 0x000000065d900000, 0x000000065d900000| Complete 

Card table byte_map: [0x000001d290020000,0x000001d290e20000] _byte_map_base: 0x000001d28ce13000

Marking Bits (Prev, Next): (CMBitMap*) 0x000001d2f6facc60, (CMBitMap*) 0x000001d2f6facc28
 Prev Bits: [0x000001d298bc0000, 0x000001d29fb58000)
 Next Bits: [0x000001d291c20000, 0x000001d298bb8000)

Polling page: 0x000001d2f56d0000

Metaspace:

Usage:
  Non-class:     61.00 MB capacity,    59.42 MB ( 97%) used,     1.28 MB (  2%) free+waste,   314.00 KB ( <1%) overhead. 
      Class:      9.52 MB capacity,     8.49 MB ( 89%) used,   898.43 KB (  9%) free+waste,   152.00 KB (  2%) overhead. 
       Both:     70.52 MB capacity,    67.91 MB ( 96%) used,     2.15 MB (  3%) free+waste,   466.00 KB ( <1%) overhead. 

Virtual space:
  Non-class space:       62.00 MB reserved,      61.08 MB ( 99%) committed 
      Class space:        1.00 GB reserved,       9.63 MB ( <1%) committed 
             Both:        1.06 GB reserved,      70.70 MB (  7%) committed 

Chunk freelists:
   Non-Class:  1.88 KB
       Class:  1.88 KB
        Both:  3.75 KB

CodeHeap 'non-profiled nmethods': size=233856Kb used=12668Kb max_used=12763Kb free=221187Kb
 bounds [0x000001d280ba0000, 0x000001d281820000, 0x000001d28f000000]
CodeHeap 'non-nmethods': size=11904Kb used=1356Kb max_used=3036Kb free=10547Kb
 bounds [0x000001d280000000, 0x000001d280400000, 0x000001d280ba0000]
 total_blobs=7703 nmethods=6922 adapters=575
 compilation: enabled
              stopped_count=0, restarted_count=0
 full_count=0

Compilation events (10 events):
Event: 145.037 Thread 0x000001d2a3028800 7024       1       java.io.OutputStreamWriter::write (11 bytes)
Event: 145.037 Thread 0x000001d2a3028800 nmethod 7024 0x000001d281043510 code [0x000001d2810436c0, 0x000001d281043830]
Event: 145.037 Thread 0x000001d2a3028800 7025       1       java.io.OutputStreamWriter::flushBuffer (8 bytes)
Event: 145.037 Thread 0x000001d2a3028800 nmethod 7025 0x000001d281086590 code [0x000001d281086740, 0x000001d281086890]
Event: 145.037 Thread 0x000001d2a3028800 7026   !   1       sun.nio.cs.StreamEncoder::flushBuffer (42 bytes)
Event: 145.038 Thread 0x000001d2a3028800 nmethod 7026 0x000001d281085d10 code [0x000001d281085f00, 0x000001d281086360]
Event: 145.038 Thread 0x000001d2a3028800 7027       1       sun.nio.cs.StreamEncoder::isOpen (13 bytes)
Event: 145.038 Thread 0x000001d2a3028800 nmethod 7027 0x000001d281085990 code [0x000001d281085b40, 0x000001d281085c78]
Event: 241.642 Thread 0x000001d2a3028800 7028       1       com.google.gson.internal.bind.TypeAdapters$32::toString (43 bytes)
Event: 241.643 Thread 0x000001d2a3028800 nmethod 7028 0x000001d281084f90 code [0x000001d2810851c0, 0x000001d281085700]

GC Heap History (10 events):
Event: 2.583 GC heap before
{Heap before GC invocations=3 (full 0):
 garbage-first heap   total 458752K, used 32925K [0x0000000641a00000, 0x0000000800000000)
  region size 1024K, 28 young (28672K), 7 survivors (7168K)
 Metaspace       used 23694K, capacity 24467K, committed 24624K, reserved 1071104K
  class space    used 2773K, capacity 3102K, committed 3200K, reserved 1048576K
}
Event: 2.587 GC heap after
{Heap after GC invocations=4 (full 0):
 garbage-first heap   total 458752K, used 12792K [0x0000000641a00000, 0x0000000800000000)
  region size 1024K, 2 young (2048K), 2 survivors (2048K)
 Metaspace       used 23694K, capacity 24467K, committed 24624K, reserved 1071104K
  class space    used 2773K, capacity 3102K, committed 3200K, reserved 1048576K
}
Event: 6.115 GC heap before
{Heap before GC invocations=4 (full 0):
 garbage-first heap   total 458752K, used 90616K [0x0000000641a00000, 0x0000000800000000)
  region size 1024K, 79 young (80896K), 2 survivors (2048K)
 Metaspace       used 33888K, capacity 34794K, committed 35120K, reserved 1079296K
  class space    used 4014K, capacity 4392K, committed 4480K, reserved 1048576K
}
Event: 6.119 GC heap after
{Heap after GC invocations=5 (full 0):
 garbage-first heap   total 458752K, used 15975K [0x0000000641a00000, 0x0000000800000000)
  region size 1024K, 5 young (5120K), 5 survivors (5120K)
 Metaspace       used 33888K, capacity 34794K, committed 35120K, reserved 1079296K
  class space    used 4014K, capacity 4392K, committed 4480K, reserved 1048576K
}
Event: 6.277 GC heap before
{Heap before GC invocations=5 (full 0):
 garbage-first heap   total 458752K, used 35431K [0x0000000641a00000, 0x0000000800000000)
  region size 1024K, 26 young (26624K), 5 survivors (5120K)
 Metaspace       used 34849K, capacity 35764K, committed 35920K, reserved 1081344K
  class space    used 4112K, capacity 4502K, committed 4608K, reserved 1048576K
}
Event: 6.282 GC heap after
{Heap after GC invocations=6 (full 0):
 garbage-first heap   total 458752K, used 16928K [0x0000000641a00000, 0x0000000800000000)
  region size 1024K, 6 young (6144K), 6 survivors (6144K)
 Metaspace       used 34849K, capacity 35764K, committed 35920K, reserved 1081344K
  class space    used 4112K, capacity 4502K, committed 4608K, reserved 1048576K
}
Event: 9.375 GC heap before
{Heap before GC invocations=7 (full 0):
 garbage-first heap   total 458752K, used 194080K [0x0000000641a00000, 0x0000000800000000)
  region size 1024K, 180 young (184320K), 6 survivors (6144K)
 Metaspace       used 46978K, capacity 48354K, committed 48592K, reserved 1091584K
  class space    used 5671K, capacity 6226K, committed 6272K, reserved 1048576K
}
Event: 9.383 GC heap after
{Heap after GC invocations=8 (full 0):
 garbage-first heap   total 458752K, used 24117K [0x0000000641a00000, 0x0000000800000000)
  region size 1024K, 13 young (13312K), 13 survivors (13312K)
 Metaspace       used 46978K, capacity 48354K, committed 48592K, reserved 1091584K
  class space    used 5671K, capacity 6226K, committed 6272K, reserved 1048576K
}
Event: 22.638 GC heap before
{Heap before GC invocations=8 (full 0):
 garbage-first heap   total 458752K, used 186933K [0x0000000641a00000, 0x0000000800000000)
  region size 1024K, 173 young (177152K), 13 survivors (13312K)
 Metaspace       used 58346K, capacity 60114K, committed 60240K, reserved 1101824K
  class space    used 7131K, capacity 7819K, committed 7936K, reserved 1048576K
}
Event: 22.660 GC heap after
{Heap after GC invocations=9 (full 0):
 garbage-first heap   total 458752K, used 31790K [0x0000000641a00000, 0x0000000800000000)
  region size 1024K, 20 young (20480K), 20 survivors (20480K)
 Metaspace       used 58346K, capacity 60114K, committed 60240K, reserved 1101824K
  class space    used 7131K, capacity 7819K, committed 7936K, reserved 1048576K
}

Deoptimization events (0 events):
No events

Classes redefined (2 events):
Event: 241.427 Thread 0x000001d2a2f8b000 redefined class name=com.freight.utils.mainfreightUtil, count=1
Event: 268.572 Thread 0x000001d2a2f8b000 redefined class name=com.freight.utils.mainfreightUtil, count=2

Internal exceptions (10 events):
Event: 134.448 Thread 0x000001d2a3f1d800 Exception <a 'java/lang/ClassNotFoundException'{0x00000006551b3d70}: com/freight/entity/mainfreight/RateP/AddressBeanInfo> (0x00000006551b3d70) thrown at [t:/workspace/open/src/hotspot/share/classfile/systemDictionary.cpp, line 231]
Event: 134.449 Thread 0x000001d2a3f1d800 Exception <a 'java/lang/ClassNotFoundException'{0x00000006551d17b8}: com/freight/entity/mainfreight/RateP/AddressCustomizer> (0x00000006551d17b8) thrown at [t:/workspace/open/src/hotspot/share/classfile/systemDictionary.cpp, line 231]
Event: 134.451 Thread 0x000001d2a3f1d800 Exception <a 'java/lang/ClassNotFoundException'{0x00000006551f84a8}: com/freight/entity/mainfreight/RateP/FreightDetailsBeanInfo> (0x00000006551f84a8) thrown at [t:/workspace/open/src/hotspot/share/classfile/systemDictionary.cpp, line 231]
Event: 134.452 Thread 0x000001d2a3f1d800 Exception <a 'java/lang/ClassNotFoundException'{0x0000000655017f20}: com/freight/entity/mainfreight/RateP/FreightDetailsCustomizer> (0x0000000655017f20) thrown at [t:/workspace/open/src/hotspot/share/classfile/systemDictionary.cpp, line 231]
Event: 134.454 Thread 0x000001d2a3f1d800 Exception <a 'java/lang/ClassNotFoundException'{0x000000065503cd78}: com/freight/entity/mainfreight/RateP/OriginBeanInfo> (0x000000065503cd78) thrown at [t:/workspace/open/src/hotspot/share/classfile/systemDictionary.cpp, line 231]
Event: 134.455 Thread 0x000001d2a3f1d800 Exception <a 'java/lang/ClassNotFoundException'{0x000000065505a428}: com/freight/entity/mainfreight/RateP/OriginCustomizer> (0x000000065505a428) thrown at [t:/workspace/open/src/hotspot/share/classfile/systemDictionary.cpp, line 231]
Event: 134.457 Thread 0x000001d2a3f1d800 Exception <a 'java/lang/ClassNotFoundException'{0x00000006550652f8}: java/util/DateBeanInfo> (0x00000006550652f8) thrown at [t:/workspace/open/src/hotspot/share/classfile/systemDictionary.cpp, line 231]
Event: 134.457 Thread 0x000001d2a3f1d800 Exception <a 'java/lang/ClassNotFoundException'{0x0000000655069498}: java/util/DateCustomizer> (0x0000000655069498) thrown at [t:/workspace/open/src/hotspot/share/classfile/systemDictionary.cpp, line 231]
Event: 134.459 Thread 0x000001d2a3f1d800 Exception <a 'java/lang/ClassNotFoundException'{0x000000065509c628}: com/freight/entity/mainfreight/RateP/ServiceLevelBeanInfo> (0x000000065509c628) thrown at [t:/workspace/open/src/hotspot/share/classfile/systemDictionary.cpp, line 231]
Event: 134.460 Thread 0x000001d2a3f1d800 Exception <a 'java/lang/ClassNotFoundException'{0x00000006550bba48}: com/freight/entity/mainfreight/RateP/ServiceLevelCustomizer> (0x00000006550bba48) thrown at [t:/workspace/open/src/hotspot/share/classfile/systemDictionary.cpp, line 231]

Events (10 events):
Event: 268.717 Executing VM operation: GetOrSetLocal done
Event: 268.725 Executing VM operation: GetFrameLocation
Event: 268.726 Executing VM operation: GetFrameLocation done
Event: 268.726 Executing VM operation: GetOrSetLocal
Event: 268.726 Executing VM operation: GetOrSetLocal done
Event: 268.758 Executing VM operation: GetFrameLocation
Event: 268.758 Executing VM operation: GetFrameLocation done
Event: 268.758 Executing VM operation: GetOrSetLocal
Event: 268.758 Executing VM operation: GetOrSetLocal done
Event: 268.759 Executing VM operation: GetOrSetLocal


Dynamic libraries:
0x00007ff7b62a0000 - 0x00007ff7b62e7000 	C:\Program Files\Java\jdk-11\bin\java.exe
0x00007ffe7cd50000 - 0x00007ffe7cf45000 	C:\windows\SYSTEM32\ntdll.dll
0x00007ffe7ac70000 - 0x00007ffe7ad2e000 	C:\windows\System32\KERNEL32.DLL
0x00007ffe7a2b0000 - 0x00007ffe7a579000 	C:\windows\System32\KERNELBASE.dll
0x00007ffe7ba10000 - 0x00007ffe7babc000 	C:\windows\System32\ADVAPI32.dll
0x00007ffe7cc70000 - 0x00007ffe7cd0e000 	C:\windows\System32\msvcrt.dll
0x00007ffe7cb70000 - 0x00007ffe7cc0b000 	C:\windows\System32\sechost.dll
0x00007ffe7c9c0000 - 0x00007ffe7caea000 	C:\windows\System32\RPCRT4.dll
0x00007ffe7bb70000 - 0x00007ffe7bd11000 	C:\windows\System32\USER32.dll
0x00007ffe7aad0000 - 0x00007ffe7aaf2000 	C:\windows\System32\win32u.dll
0x00007ffe7b960000 - 0x00007ffe7b98b000 	C:\windows\System32\GDI32.dll
0x00007ffe7a8b0000 - 0x00007ffe7a9bb000 	C:\windows\System32\gdi32full.dll
0x00007ffe7a210000 - 0x00007ffe7a2ad000 	C:\windows\System32\msvcp_win.dll
0x00007ffe7a110000 - 0x00007ffe7a210000 	C:\windows\System32\ucrtbase.dll
0x00007ffe66470000 - 0x00007ffe6670a000 	C:\windows\WinSxS\amd64_microsoft.windows.common-controls_6595b64144ccf1df_6.0.19041.1110_none_60b5254171f9507e\COMCTL32.dll
0x00007ffe79c80000 - 0x00007ffe79c8a000 	C:\windows\SYSTEM32\VERSION.dll
0x00007ffe7c990000 - 0x00007ffe7c9c0000 	C:\windows\System32\IMM32.DLL
0x00007ffe6ab70000 - 0x00007ffe6ab86000 	C:\Program Files\Java\jdk-11\bin\vcruntime140.dll
0x00007ffe30c90000 - 0x00007ffe30d3a000 	C:\Program Files\Java\jdk-11\bin\msvcp140.dll
0x00007ffe30140000 - 0x00007ffe30c82000 	C:\Program Files\Java\jdk-11\bin\server\jvm.dll
0x00007ffe7b510000 - 0x00007ffe7b518000 	C:\windows\System32\PSAPI.DLL
0x00007ffe64990000 - 0x00007ffe64999000 	C:\windows\SYSTEM32\WSOCK32.dll
0x00007ffe71210000 - 0x00007ffe71237000 	C:\windows\SYSTEM32\WINMM.dll
0x00007ffe7b820000 - 0x00007ffe7b88b000 	C:\windows\System32\WS2_32.dll
0x00007ffe7a580000 - 0x00007ffe7a592000 	C:\windows\System32\kernel.appcore.dll
0x00007ffe6ab50000 - 0x00007ffe6ab61000 	C:\Program Files\Java\jdk-11\bin\verify.dll
0x00007ffe73200000 - 0x00007ffe733e4000 	C:\windows\SYSTEM32\DBGHELP.DLL
0x00007ffe644a0000 - 0x00007ffe644cc000 	C:\windows\SYSTEM32\dbgcore.DLL
0x00007ffe7ab50000 - 0x00007ffe7abd3000 	C:\windows\System32\bcryptPrimitives.dll
0x00007ffe6ab20000 - 0x00007ffe6ab49000 	C:\Program Files\Java\jdk-11\bin\java.dll
0x00007ffe694e0000 - 0x00007ffe69517000 	C:\Program Files\Java\jdk-11\bin\jdwp.dll
0x00007ffe694b0000 - 0x00007ffe694df000 	C:\Program Files\Java\jdk-11\bin\instrument.dll
0x00007ffe6ab00000 - 0x00007ffe6ab16000 	C:\Program Files\Java\jdk-11\bin\zip.dll
0x00007ffe75ef0000 - 0x00007ffe75efa000 	C:\Program Files\Java\jdk-11\bin\jimage.dll
0x00007ffe7c0a0000 - 0x00007ffe7c7df000 	C:\windows\System32\SHELL32.dll
0x00007ffe78300000 - 0x00007ffe78a90000 	C:\windows\SYSTEM32\windows.storage.dll
0x00007ffe7b1b0000 - 0x00007ffe7b505000 	C:\windows\System32\combase.dll
0x00007ffe79ac0000 - 0x00007ffe79aec000 	C:\windows\SYSTEM32\Wldp.dll
0x00007ffe7be50000 - 0x00007ffe7befd000 	C:\windows\System32\SHCORE.dll
0x00007ffe7cc10000 - 0x00007ffe7cc65000 	C:\windows\System32\shlwapi.dll
0x00007ffe7a040000 - 0x00007ffe7a05f000 	C:\windows\SYSTEM32\profapi.dll
0x00007ffe6c280000 - 0x00007ffe6c28a000 	C:\Program Files\Java\jdk-11\bin\dt_socket.dll
0x00007ffe797c0000 - 0x00007ffe7982a000 	C:\windows\system32\mswsock.dll
0x00007ffe30120000 - 0x00007ffe30139000 	C:\Program Files\Java\jdk-11\bin\net.dll
0x00007ffe6bb50000 - 0x00007ffe6bc58000 	C:\windows\SYSTEM32\WINHTTP.dll
0x00007ffe30100000 - 0x00007ffe30113000 	C:\Program Files\Java\jdk-11\bin\nio.dll
0x00007ffe794f0000 - 0x00007ffe795bc000 	C:\windows\SYSTEM32\DNSAPI.dll
0x00007ffe794b0000 - 0x00007ffe794eb000 	C:\windows\SYSTEM32\IPHLPAPI.DLL
0x00007ffe7bf90000 - 0x00007ffe7bf98000 	C:\windows\System32\NSI.dll
0x00007ffe69830000 - 0x00007ffe6983a000 	C:\Windows\System32\rasadhlp.dll
0x00007ffe69fe0000 - 0x00007ffe6a05f000 	C:\windows\System32\fwpuclnt.dll
0x00007ffe7a9f0000 - 0x00007ffe7aa17000 	C:\windows\System32\bcrypt.dll
0x00007ffe6aaf0000 - 0x00007ffe6aaf9000 	C:\Program Files\Java\jdk-11\bin\management.dll
0x00007ffe300f0000 - 0x00007ffe300fc000 	C:\Program Files\Java\jdk-11\bin\management_ext.dll
0x00007ffe79a10000 - 0x00007ffe79a28000 	C:\windows\SYSTEM32\CRYPTSP.dll
0x00007ffe79140000 - 0x00007ffe79174000 	C:\windows\system32\rsaenh.dll
0x00007ffe7a000000 - 0x00007ffe7a02e000 	C:\windows\SYSTEM32\USERENV.dll
0x00007ffe79a30000 - 0x00007ffe79a3c000 	C:\windows\SYSTEM32\CRYPTBASE.dll
0x00007ffe72a60000 - 0x00007ffe72a77000 	C:\windows\SYSTEM32\dhcpcsvc6.DLL
0x00007ffe73b70000 - 0x00007ffe73b8d000 	C:\windows\SYSTEM32\dhcpcsvc.DLL
0x00007ffe66720000 - 0x00007ffe66737000 	C:\windows\system32\napinsp.dll
0x00007ffe66280000 - 0x00007ffe6629b000 	C:\windows\system32\pnrpnsp.dll
0x00007ffe74f50000 - 0x00007ffe74f65000 	C:\windows\system32\wshbth.dll
0x00007ffe75c50000 - 0x00007ffe75c6d000 	C:\windows\system32\NLAapi.dll
0x00007ffe66030000 - 0x00007ffe66042000 	C:\windows\System32\winrnr.dll
0x00007ffe69570000 - 0x00007ffe6957d000 	C:\Program Files\Java\jdk-11\bin\sunmscapi.dll
0x00007ffe7a6f0000 - 0x00007ffe7a846000 	C:\windows\System32\CRYPT32.dll
0x00007ffe79b30000 - 0x00007ffe79b57000 	C:\windows\SYSTEM32\ncrypt.dll
0x00007ffe79af0000 - 0x00007ffe79b2b000 	C:\windows\SYSTEM32\NTASN1.dll
0x00007ffe5fdb0000 - 0x00007ffe5fdd7000 	C:\Program Files\Java\jdk-11\bin\sunec.dll

dbghelp: loaded successfully - version: 4.0.5 - missing functions: none
symbol engine: initialized successfully - sym options: 0x614 - pdb path: .;C:\Program Files\Java\jdk-11\bin;C:\windows\SYSTEM32;C:\windows\WinSxS\amd64_microsoft.windows.common-controls_6595b64144ccf1df_6.0.19041.1110_none_60b5254171f9507e;C:\Program Files\Java\jdk-11\bin\server

VM Arguments:
jvm_args: -agentlib:jdwp=transport=dt_socket,address=127.0.0.1:64076,suspend=y,server=n -XX:TieredStopAtLevel=1 -Xverify:none -Dspring.output.ansi.enabled=always -Dcom.sun.management.jmxremote -Dspring.jmx.enabled=true -Dspring.liveBeansView.mbeanDomain -Dspring.application.admin.enabled=true -javaagent:C:\Users\Administrator\AppData\Local\JetBrains\IntelliJIdea2020.1\captureAgent\debugger-agent.jar -Dfile.encoding=UTF-8 
java_command: com.freight.FreightApplication
java_class_path (initial): C:\Users\Administrator\AppData\Local\Temp\classpath753388459.jar
Launcher Type: SUN_STANDARD

[Global flags]
     bool BytecodeVerificationLocal                = false                                     {product} {command line}
     bool BytecodeVerificationRemote               = false                                     {product} {command line}
     intx CICompilerCount                          = 12                                        {product} {ergonomic}
     uint ConcGCThreads                            = 3                                         {product} {ergonomic}
     uint G1ConcRefinementThreads                  = 13                                        {product} {ergonomic}
   size_t G1HeapRegionSize                         = 1048576                                   {product} {ergonomic}
    uintx GCDrainStackTargetSize                   = 64                                        {product} {ergonomic}
   size_t InitialHeapSize                          = 469762048                                 {product} {ergonomic}
     bool ManagementServer                         = true                                      {product} {command line}
   size_t MarkStackSize                            = 4194304                                   {product} {ergonomic}
   size_t MaxHeapSize                              = 7488929792                                {product} {ergonomic}
   size_t MaxNewSize                               = 4493148160                                {product} {ergonomic}
   size_t MinHeapDeltaBytes                        = 1048576                                   {product} {ergonomic}
    uintx NonNMethodCodeHeapSize                   = 12163472                               {pd product} {ergonomic}
    uintx NonProfiledCodeHeapSize                  = 239494768                              {pd product} {ergonomic}
    uintx ProfiledCodeHeapSize                     = 0                                      {pd product} {ergonomic}
    uintx ReservedCodeCacheSize                    = 251658240                              {pd product} {ergonomic}
     bool SegmentedCodeCache                       = true                                      {product} {ergonomic}
     intx TieredStopAtLevel                        = 1                                         {product} {command line}
     bool UseCompressedClassPointers               = true                                 {lp64_product} {ergonomic}
     bool UseCompressedOops                        = true                                 {lp64_product} {ergonomic}
     bool UseG1GC                                  = true                                      {product} {ergonomic}
     bool UseLargePagesIndividualAllocation        = false                                  {pd product} {ergonomic}

Logging:
Log output configuration:
 #0: stdout all=warning uptime,level,tags
 #1: stderr all=off uptime,level,tags

Environment Variables:
JAVA_HOME=C:\Program Files\Java\jdk-11
CLASSPATH=.;C:\Program Files\Java\jdk-11\lib\dt.jar;C:\Program Files\Java\jdk-11\lib\tools.jar;
PATH=C:\Program Files (x86)\NetSarang\Xshell 6\;C:\windows\system32;C:\windows;C:\windows\System32\Wbem;C:\windows\System32\WindowsPowerShell\v1.0\;C:\windows\System32\OpenSSH\;C:\Program Files (x86)\Yozosoft\Yozo_Office\Lib\xuggler\bin;C:\Program Files\dotnet\;C:\Program Files\Microsoft SQL Server\130\Tools\Binn\;C:\Program Files\Microsoft SQL Server\Client SDK\ODBC\170\Tools\Binn\;C:\Program Files\Java\jdk-11\bin;D:\办公软件\git\Git\bin;C:\Users\Administrator\AppData\Local\Microsoft\WindowsApps;C:\Users\Administrator\.dotnet\tools
USERNAME=Administrator
OS=Windows_NT
PROCESSOR_IDENTIFIER=AMD64 Family 23 Model 96 Stepping 1, AuthenticAMD



---------------  S Y S T E M  ---------------

OS: Windows 10 , 64 bit Build 19041 (10.0.19041.1202)

CPU:total 16 (initial active 16) (16 cores per cpu, 2 threads per core) family 23 model 96 stepping 1, cmov, cx8, fxsr, mmx, sse, sse2, sse3, ssse3, sse4.1, sse4.2, popcnt, avx, avx2, aes, clmul, mmxext, 3dnowpref, lzcnt, sse4a, ht, tsc, tscinvbit, tscinv, bmi1, bmi2, adx, sha, fma

Memory: 4k page, system-wide physical 28565M (10263M free)
TotalPageFile size 32405M (AvailPageFile size 5190M)
current process WorkingSet (physical memory assigned to process): 369M, peak: 369M
current process commit charge ("private bytes"): 673M, peak: 673M

vm_info: Java HotSpot(TM) 64-Bit Server VM (11+28) for windows-amd64 JRE (11+28), built on Aug 23 2018 03:03:59 by "mach5one" with MS VC++ 15.5 (VS2017)

END.
